<?xml version="1.0" encoding="UTF-8" ?>
<testsuite tests="39" failures="6" name="TestSuite" time="2.512" errors="0" skipped="28">
  <properties>
[...]
</properties>
  <testcase classname="com.fisglobal.xpress.emea.sms.mblox.messaging.connector.BaseMbloxConnectorTest" name="sendNotificationRequest_should_send_string_request_to_given_URI" time="0.02"/>
  <testcase classname="com.fisglobal.xpress.emea.sms.mblox.messaging.connector.BaseMbloxConnectorTest" name="testSendNotificationRequestURINotificationRequestDetails" time="0"/>
  <testcase classname="com.fisglobal.xpress.emea.sms.mblox.notifications.DefaultNotificationRequestTemplateTest" name="test1" time="0.018"/>
  <testcase classname="com.fisglobal.xpress.emea.sms.mblox.notifications.DefaultNotificationRequestTemplateTest" name="test2" time="0.001"/>
  <testcase classname="com.fisglobal.xpress.emea.sms.mblox.messaging.connector.http.MbloxHttpClientTest" name="springTestContextPrepareTestInstance" time="0.843">
    <failure message="Failed to load ApplicationContext" type="java.lang.IllegalStateException">java.lang.IllegalStateException: Failed to load ApplicationContext
	at org.springframework.test.context.CacheAwareContextLoaderDelegate.loadContext(CacheAwareContextLoaderDelegate.java:99)
	at org.springframework.test.context.TestContext.getApplicationContext(TestContext.java:122)
	at org.springframework.test.context.support.DependencyInjectionTestExecutionListener.injectDependencies(DependencyInjectionTestExecutionListener.java:109)
	at org.springframework.test.context.support.DependencyInjectionTestExecutionListener.prepareTestInstance(DependencyInjectionTestExecutionListener.java:75)
	at org.springframework.test.context.TestContextManager.prepareTestInstance(TestContextManager.java:312)
	at org.springframework.test.context.testng.AbstractTestNGSpringContextTests.springTestContextPrepareTestInstance(AbstractTestNGSpringContextTests.java:130)
	at sun.reflect.NativeMethodAccessorImpl.invoke0(Native Method)
	at sun.reflect.NativeMethodAccessorImpl.invoke(NativeMethodAccessorImpl.java:62)
	at sun.reflect.DelegatingMethodAccessorImpl.invoke(DelegatingMethodAccessorImpl.java:43)
	at java.lang.reflect.Method.invoke(Method.java:497)
	at org.testng.internal.MethodInvocationHelper.invokeMethod(MethodInvocationHelper.java:84)
	at org.testng.internal.Invoker.invokeConfigurationMethod(Invoker.java:564)
	at org.testng.internal.Invoker.invokeConfigurations(Invoker.java:213)
	at org.testng.internal.Invoker.invokeConfigurations(Invoker.java:138)
	at org.testng.internal.TestMethodWorker.invokeBeforeClassMethods(TestMethodWorker.java:175)
	at org.testng.internal.TestMethodWorker.run(TestMethodWorker.java:107)
	at org.testng.TestRunner.privateRun(TestRunner.java:767)
	at org.testng.TestRunner.run(TestRunner.java:617)
	at org.testng.SuiteRunner.runTest(SuiteRunner.java:334)
	at org.testng.SuiteRunner.runSequentially(SuiteRunner.java:329)
	at org.testng.SuiteRunner.privateRun(SuiteRunner.java:291)
	at org.testng.SuiteRunner.run(SuiteRunner.java:240)
	at org.testng.SuiteRunnerWorker.runSuite(SuiteRunnerWorker.java:52)
	at org.testng.SuiteRunnerWorker.run(SuiteRunnerWorker.java:86)
	at org.testng.TestNG.runSuitesSequentially(TestNG.java:1224)
	at org.testng.TestNG.runSuitesLocally(TestNG.java:1149)
	at org.testng.TestNG.run(TestNG.java:1057)
	at org.apache.maven.surefire.testng.TestNGExecutor.run(TestNGExecutor.java:70)
	at org.apache.maven.surefire.testng.TestNGDirectoryTestSuite.executeMulti(TestNGDirectoryTestSuite.java:158)
	at org.apache.maven.surefire.testng.TestNGDirectoryTestSuite.execute(TestNGDirectoryTestSuite.java:98)
	at org.apache.maven.surefire.testng.TestNGProvider.invoke(TestNGProvider.java:111)
	at sun.reflect.NativeMethodAccessorImpl.invoke0(Native Method)
	at sun.reflect.NativeMethodAccessorImpl.invoke(NativeMethodAccessorImpl.java:62)
	at sun.reflect.DelegatingMethodAccessorImpl.invoke(DelegatingMethodAccessorImpl.java:43)
	at java.lang.reflect.Method.invoke(Method.java:497)
	at org.apache.maven.surefire.util.ReflectionUtils.invokeMethodWithArray(ReflectionUtils.java:164)
	at org.apache.maven.surefire.booter.ProviderFactory$ProviderProxy.invoke(ProviderFactory.java:110)
	at org.apache.maven.surefire.booter.SurefireStarter.invokeProvider(SurefireStarter.java:175)
	at org.apache.maven.surefire.booter.SurefireStarter.runSuitesInProcessWhenForked(SurefireStarter.java:107)
	at org.apache.maven.surefire.booter.ForkedBooter.main(ForkedBooter.java:68)
Caused by: org.springframework.beans.factory.BeanCreationException: Error creating bean with name &apos;baseMbloxConnector&apos; defined in class path resource [testContext.xml]: Cannot resolve reference to bean &apos;mbloxHttpClient&apos; while setting bean property &apos;mbloxClient&apos;; nested exception is org.springframework.beans.factory.BeanCreationException: Error creating bean with name &apos;mbloxHttpClient&apos; defined in class path resource [testContext.xml]: Cannot resolve reference to bean &apos;httpProxyConfig&apos; while setting bean property &apos;httpProxyConfig&apos;; nested exception is org.springframework.beans.factory.CannotLoadBeanClassException: Cannot find class [com.fisglobal.xpress.emea.sms.mblox.messaging.connector.http.HttpProxyConfig] for bean with name &apos;httpProxyConfig&apos; defined in class path resource [testContext.xml]; nested exception is java.lang.ClassNotFoundException: com.fisglobal.xpress.emea.sms.mblox.messaging.connector.http.HttpProxyConfig
	at org.springframework.beans.factory.support.BeanDefinitionValueResolver.resolveReference(BeanDefinitionValueResolver.java:326)
	at org.springframework.beans.factory.support.BeanDefinitionValueResolver.resolveValueIfNecessary(BeanDefinitionValueResolver.java:107)
	at org.springframework.beans.factory.support.AbstractAutowireCapableBeanFactory.applyPropertyValues(AbstractAutowireCapableBeanFactory.java:1417)
	at org.springframework.beans.factory.support.AbstractAutowireCapableBeanFactory.populateBean(AbstractAutowireCapableBeanFactory.java:1158)
	at org.springframework.beans.factory.support.AbstractAutowireCapableBeanFactory.doCreateBean(AbstractAutowireCapableBeanFactory.java:519)
	at org.springframework.beans.factory.support.AbstractAutowireCapableBeanFactory.createBean(AbstractAutowireCapableBeanFactory.java:458)
	at org.springframework.beans.factory.support.AbstractBeanFactory$1.getObject(AbstractBeanFactory.java:296)
	at org.springframework.beans.factory.support.DefaultSingletonBeanRegistry.getSingleton(DefaultSingletonBeanRegistry.java:223)
	at org.springframework.beans.factory.support.AbstractBeanFactory.doGetBean(AbstractBeanFactory.java:293)
	at org.springframework.beans.factory.support.AbstractBeanFactory.getBean(AbstractBeanFactory.java:194)
	at org.springframework.beans.factory.support.DefaultListableBeanFactory.preInstantiateSingletons(DefaultListableBeanFactory.java:628)
	at org.springframework.context.support.AbstractApplicationContext.finishBeanFactoryInitialization(AbstractApplicationContext.java:932)
	at org.springframework.context.support.AbstractApplicationContext.refresh(AbstractApplicationContext.java:479)
	at org.springframework.test.context.support.AbstractGenericContextLoader.loadContext(AbstractGenericContextLoader.java:120)
	at org.springframework.test.context.support.AbstractGenericContextLoader.loadContext(AbstractGenericContextLoader.java:60)
	at org.springframework.test.context.support.AbstractDelegatingSmartContextLoader.delegateLoading(AbstractDelegatingSmartContextLoader.java:100)
	at org.springframework.test.context.support.AbstractDelegatingSmartContextLoader.loadContext(AbstractDelegatingSmartContextLoader.java:248)
	at org.springframework.test.context.CacheAwareContextLoaderDelegate.loadContextInternal(CacheAwareContextLoaderDelegate.java:64)
	at org.springframework.test.context.CacheAwareContextLoaderDelegate.loadContext(CacheAwareContextLoaderDelegate.java:91)
	... 39 more
Caused by: org.springframework.beans.factory.BeanCreationException: Error creating bean with name &apos;mbloxHttpClient&apos; defined in class path resource [testContext.xml]: Cannot resolve reference to bean &apos;httpProxyConfig&apos; while setting bean property &apos;httpProxyConfig&apos;; nested exception is org.springframework.beans.factory.CannotLoadBeanClassException: Cannot find class [com.fisglobal.xpress.emea.sms.mblox.messaging.connector.http.HttpProxyConfig] for bean with name &apos;httpProxyConfig&apos; defined in class path resource [testContext.xml]; nested exception is java.lang.ClassNotFoundException: com.fisglobal.xpress.emea.sms.mblox.messaging.connector.http.HttpProxyConfig
	at org.springframework.beans.factory.support.BeanDefinitionValueResolver.resolveReference(BeanDefinitionValueResolver.java:326)
	at org.springframework.beans.factory.support.BeanDefinitionValueResolver.resolveValueIfNecessary(BeanDefinitionValueResolver.java:107)
	at org.springframework.beans.factory.support.AbstractAutowireCapableBeanFactory.applyPropertyValues(AbstractAutowireCapableBeanFactory.java:1417)
	at org.springframework.beans.factory.support.AbstractAutowireCapableBeanFactory.populateBean(AbstractAutowireCapableBeanFactory.java:1158)
	at org.springframework.beans.factory.support.AbstractAutowireCapableBeanFactory.doCreateBean(AbstractAutowireCapableBeanFactory.java:519)
	at org.springframework.beans.factory.support.AbstractAutowireCapableBeanFactory.createBean(AbstractAutowireCapableBeanFactory.java:458)
	at org.springframework.beans.factory.support.AbstractBeanFactory$1.getObject(AbstractBeanFactory.java:296)
	at org.springframework.beans.factory.support.DefaultSingletonBeanRegistry.getSingleton(DefaultSingletonBeanRegistry.java:223)
	at org.springframework.beans.factory.support.AbstractBeanFactory.doGetBean(AbstractBeanFactory.java:293)
	at org.springframework.beans.factory.support.AbstractBeanFactory.getBean(AbstractBeanFactory.java:194)
	at org.springframework.beans.factory.support.BeanDefinitionValueResolver.resolveReference(BeanDefinitionValueResolver.java:320)
	... 57 more
Caused by: org.springframework.beans.factory.CannotLoadBeanClassException: Cannot find class [com.fisglobal.xpress.emea.sms.mblox.messaging.connector.http.HttpProxyConfig] for bean with name &apos;httpProxyConfig&apos; defined in class path resource [testContext.xml]; nested exception is java.lang.ClassNotFoundException: com.fisglobal.xpress.emea.sms.mblox.messaging.connector.http.HttpProxyConfig
	at org.springframework.beans.factory.support.AbstractBeanFactory.resolveBeanClass(AbstractBeanFactory.java:1281)
	at org.springframework.beans.factory.support.AbstractAutowireCapableBeanFactory.createBean(AbstractAutowireCapableBeanFactory.java:435)
	at org.springframework.beans.factory.support.AbstractBeanFactory$1.getObject(AbstractBeanFactory.java:296)
	at org.springframework.beans.factory.support.DefaultSingletonBeanRegistry.getSingleton(DefaultSingletonBeanRegistry.java:223)
	at org.springframework.beans.factory.support.AbstractBeanFactory.doGetBean(AbstractBeanFactory.java:293)
	at org.springframework.beans.factory.support.AbstractBeanFactory.getBean(AbstractBeanFactory.java:194)
	at org.springframework.beans.factory.support.BeanDefinitionValueResolver.resolveReference(BeanDefinitionValueResolver.java:320)
	... 67 more
Caused by: java.lang.ClassNotFoundException: com.fisglobal.xpress.emea.sms.mblox.messaging.connector.http.HttpProxyConfig
	at java.net.URLClassLoader.findClass(URLClassLoader.java:381)
	at java.lang.ClassLoader.loadClass(ClassLoader.java:424)
	at sun.misc.Launcher$AppClassLoader.loadClass(Launcher.java:331)
	at java.lang.ClassLoader.loadClass(ClassLoader.java:357)
	at org.springframework.util.ClassUtils.forName(ClassUtils.java:257)
	at org.springframework.beans.factory.support.AbstractBeanDefinition.resolveBeanClass(AbstractBeanDefinition.java:416)
	at org.springframework.beans.factory.support.AbstractBeanFactory.doResolveBeanClass(AbstractBeanFactory.java:1302)
	at org.springframework.beans.factory.support.AbstractBeanFactory.resolveBeanClass(AbstractBeanFactory.java:1273)
	... 73 more
Caused by: org.springframework.beans.factory.BeanCreationException: Error creating bean with name &apos;baseMbloxConnector&apos; defined in class path resource [testContext.xml]: Cannot resolve reference to bean &apos;mbloxHttpClient&apos; while setting bean property &apos;mbloxClient&apos;; nested exception is org.springframework.beans.factory.BeanCreationException: Error creating bean with name &apos;mbloxHttpClient&apos; defined in class path resource [testContext.xml]: Cannot resolve reference to bean &apos;httpProxyConfig&apos; while setting bean property &apos;httpProxyConfig&apos;; nested exception is org.springframework.beans.factory.CannotLoadBeanClassException: Cannot find class [com.fisglobal.xpress.emea.sms.mblox.messaging.connector.http.HttpProxyConfig] for bean with name &apos;httpProxyConfig&apos; defined in class path resource [testContext.xml]; nested exception is java.lang.ClassNotFoundException: com.fisglobal.xpress.emea.sms.mblox.messaging.connector.http.HttpProxyConfig
	at org.springframework.beans.factory.support.BeanDefinitionValueResolver.resolveReference(BeanDefinitionValueResolver.java:326)
	at org.springframework.beans.factory.support.BeanDefinitionValueResolver.resolveValueIfNecessary(BeanDefinitionValueResolver.java:107)
	at org.springframework.beans.factory.support.AbstractAutowireCapableBeanFactory.applyPropertyValues(AbstractAutowireCapableBeanFactory.java:1417)
	at org.springframework.beans.factory.support.AbstractAutowireCapableBeanFactory.populateBean(AbstractAutowireCapableBeanFactory.java:1158)
	at org.springframework.beans.factory.support.AbstractAutowireCapableBeanFactory.doCreateBean(AbstractAutowireCapableBeanFactory.java:519)
	at org.springframework.beans.factory.support.AbstractAutowireCapableBeanFactory.createBean(AbstractAutowireCapableBeanFactory.java:458)
	at org.springframework.beans.factory.support.AbstractBeanFactory$1.getObject(AbstractBeanFactory.java:296)
	at org.springframework.beans.factory.support.DefaultSingletonBeanRegistry.getSingleton(DefaultSingletonBeanRegistry.java:223)
	at org.springframework.beans.factory.support.AbstractBeanFactory.doGetBean(AbstractBeanFactory.java:293)
	at org.springframework.beans.factory.support.AbstractBeanFactory.getBean(AbstractBeanFactory.java:194)
	at org.springframework.beans.factory.support.DefaultListableBeanFactory.preInstantiateSingletons(DefaultListableBeanFactory.java:628)
	at org.springframework.context.support.AbstractApplicationContext.finishBeanFactoryInitialization(AbstractApplicationContext.java:932)
	at org.springframework.context.support.AbstractApplicationContext.refresh(AbstractApplicationContext.java:479)
	at org.springframework.test.context.support.AbstractGenericContextLoader.loadContext(AbstractGenericContextLoader.java:120)
	at org.springframework.test.context.support.AbstractGenericContextLoader.loadContext(AbstractGenericContextLoader.java:60)
	at org.springframework.test.context.support.AbstractDelegatingSmartContextLoader.delegateLoading(AbstractDelegatingSmartContextLoader.java:100)
	at org.springframework.test.context.support.AbstractDelegatingSmartContextLoader.loadContext(AbstractDelegatingSmartContextLoader.java:248)
	at org.springframework.test.context.CacheAwareContextLoaderDelegate.loadContextInternal(CacheAwareContextLoaderDelegate.java:64)
	at org.springframework.test.context.CacheAwareContextLoaderDelegate.loadContext(CacheAwareContextLoaderDelegate.java:91)
	... 39 more
Caused by: org.springframework.beans.factory.BeanCreationException: Error creating bean with name &apos;mbloxHttpClient&apos; defined in class path resource [testContext.xml]: Cannot resolve reference to bean &apos;httpProxyConfig&apos; while setting bean property &apos;httpProxyConfig&apos;; nested exception is org.springframework.beans.factory.CannotLoadBeanClassException: Cannot find class [com.fisglobal.xpress.emea.sms.mblox.messaging.connector.http.HttpProxyConfig] for bean with name &apos;httpProxyConfig&apos; defined in class path resource [testContext.xml]; nested exception is java.lang.ClassNotFoundException: com.fisglobal.xpress.emea.sms.mblox.messaging.connector.http.HttpProxyConfig
	at org.springframework.beans.factory.support.BeanDefinitionValueResolver.resolveReference(BeanDefinitionValueResolver.java:326)
	at org.springframework.beans.factory.support.BeanDefinitionValueResolver.resolveValueIfNecessary(BeanDefinitionValueResolver.java:107)
	at org.springframework.beans.factory.support.AbstractAutowireCapableBeanFactory.applyPropertyValues(AbstractAutowireCapableBeanFactory.java:1417)
	at org.springframework.beans.factory.support.AbstractAutowireCapableBeanFactory.populateBean(AbstractAutowireCapableBeanFactory.java:1158)
	at org.springframework.beans.factory.support.AbstractAutowireCapableBeanFactory.doCreateBean(AbstractAutowireCapableBeanFactory.java:519)
	at org.springframework.beans.factory.support.AbstractAutowireCapableBeanFactory.createBean(AbstractAutowireCapableBeanFactory.java:458)
	at org.springframework.beans.factory.support.AbstractBeanFactory$1.getObject(AbstractBeanFactory.java:296)
	at org.springframework.beans.factory.support.DefaultSingletonBeanRegistry.getSingleton(DefaultSingletonBeanRegistry.java:223)
	at org.springframework.beans.factory.support.AbstractBeanFactory.doGetBean(AbstractBeanFactory.java:293)
	at org.springframework.beans.factory.support.AbstractBeanFactory.getBean(AbstractBeanFactory.java:194)
	at org.springframework.beans.factory.support.BeanDefinitionValueResolver.resolveReference(BeanDefinitionValueResolver.java:320)
	... 57 more
Caused by: org.springframework.beans.factory.CannotLoadBeanClassException: Cannot find class [com.fisglobal.xpress.emea.sms.mblox.messaging.connector.http.HttpProxyConfig] for bean with name &apos;httpProxyConfig&apos; defined in class path resource [testContext.xml]; nested exception is java.lang.ClassNotFoundException: com.fisglobal.xpress.emea.sms.mblox.messaging.connector.http.HttpProxyConfig
	at org.springframework.beans.factory.support.AbstractBeanFactory.resolveBeanClass(AbstractBeanFactory.java:1281)
	at org.springframework.beans.factory.support.AbstractAutowireCapableBeanFactory.createBean(AbstractAutowireCapableBeanFactory.java:435)
	at org.springframework.beans.factory.support.AbstractBeanFactory$1.getObject(AbstractBeanFactory.java:296)
	at org.springframework.beans.factory.support.DefaultSingletonBeanRegistry.getSingleton(DefaultSingletonBeanRegistry.java:223)
	at org.springframework.beans.factory.support.AbstractBeanFactory.doGetBean(AbstractBeanFactory.java:293)
	at org.springframework.beans.factory.support.AbstractBeanFactory.getBean(AbstractBeanFactory.java:194)
	at org.springframework.beans.factory.support.BeanDefinitionValueResolver.resolveReference(BeanDefinitionValueResolver.java:320)
	... 67 more
Caused by: java.lang.ClassNotFoundException: com.fisglobal.xpress.emea.sms.mblox.messaging.connector.http.HttpProxyConfig
	at java.net.URLClassLoader.findClass(URLClassLoader.java:381)
	at java.lang.ClassLoader.loadClass(ClassLoader.java:424)
	at sun.misc.Launcher$AppClassLoader.loadClass(Launcher.java:331)
	at java.lang.ClassLoader.loadClass(ClassLoader.java:357)
	at org.springframework.util.ClassUtils.forName(ClassUtils.java:257)
	at org.springframework.beans.factory.support.AbstractBeanDefinition.resolveBeanClass(AbstractBeanDefinition.java:416)
	at org.springframework.beans.factory.support.AbstractBeanFactory.doResolveBeanClass(AbstractBeanFactory.java:1302)
	at org.springframework.beans.factory.support.AbstractBeanFactory.resolveBeanClass(AbstractBeanFactory.java:1273)
	... 73 more
</failure>
    <system-out>2015-10-16 15:20:11 DEBUG DependencyInjectionTestExecutionListener:73 - Performing dependency injection for test context [[TestContext@157632c9 testClass = MbloxHttpClientTest, testInstance = com.fisglobal.xpress.emea.sms.mblox.messaging.connector.http.MbloxHttpClientTest@3701eaf6, testMethod = [null], testException = [null], mergedContextConfiguration = [MergedContextConfiguration@6ee12bac testClass = MbloxHttpClientTest, locations = &apos;{classpath:testContext.xml}&apos;, classes = &apos;{}&apos;, contextInitializerClasses = &apos;[]&apos;, activeProfiles = &apos;{}&apos;, contextLoader = &apos;org.springframework.test.context.support.DelegatingSmartContextLoader&apos;, parent = [null]]]].
2015-10-16 15:20:11 DEBUG AbstractDelegatingSmartContextLoader:98 - Delegating to GenericXmlContextLoader to load context from [MergedContextConfiguration@6ee12bac testClass = MbloxHttpClientTest, locations = &apos;{classpath:testContext.xml}&apos;, classes = &apos;{}&apos;, contextInitializerClasses = &apos;[]&apos;, activeProfiles = &apos;{}&apos;, contextLoader = &apos;org.springframework.test.context.support.DelegatingSmartContextLoader&apos;, parent = [null]].
2015-10-16 15:20:11 DEBUG AbstractGenericContextLoader:104 - Loading ApplicationContext for merged context configuration [[MergedContextConfiguration@6ee12bac testClass = MbloxHttpClientTest, locations = &apos;{classpath:testContext.xml}&apos;, classes = &apos;{}&apos;, contextInitializerClasses = &apos;[]&apos;, activeProfiles = &apos;{}&apos;, contextLoader = &apos;org.springframework.test.context.support.DelegatingSmartContextLoader&apos;, parent = [null]]].
2015-10-16 15:20:11 DEBUG StandardEnvironment:112 - Initializing new StandardEnvironment
2015-10-16 15:20:11 DEBUG StandardEnvironment:107 - Adding [systemProperties] PropertySource with lowest search precedence
2015-10-16 15:20:11 DEBUG StandardEnvironment:107 - Adding [systemEnvironment] PropertySource with lowest search precedence
2015-10-16 15:20:11 DEBUG StandardEnvironment:116 - Initialized StandardEnvironment with PropertySources [systemProperties,systemEnvironment]
2015-10-16 15:20:11 INFO  XmlBeanDefinitionReader:315 - Loading XML bean definitions from class path resource [testContext.xml]
2015-10-16 15:20:11 DEBUG DefaultDocumentLoader:72 - Using JAXP provider [com.sun.org.apache.xerces.internal.jaxp.DocumentBuilderFactoryImpl]
2015-10-16 15:20:11 DEBUG PluggableSchemaResolver:140 - Loading schema mappings from [META-INF/spring.schemas]
2015-10-16 15:20:11 DEBUG PluggableSchemaResolver:146 - Loaded schema mappings: {http://www.springframework.org/schema/integration/spring-integration-2.2.xsd=org/springframework/integration/config/xml/spring-integration-2.2.xsd, http://www.springframework.org/schema/jee/spring-jee-3.2.xsd=org/springframework/ejb/config/spring-jee-3.2.xsd, http://www.springframework.org/schema/util/spring-util.xsd=org/springframework/beans/factory/xml/spring-util-3.2.xsd, http://www.springframework.org/schema/jms/spring-jms-3.0.xsd=org/springframework/jms/config/spring-jms-3.0.xsd, http://www.springframework.org/schema/task/spring-task.xsd=org/springframework/scheduling/config/spring-task-3.2.xsd, http://www.springframework.org/schema/beans/spring-beans-3.1.xsd=org/springframework/beans/factory/xml/spring-beans-3.1.xsd, http://www.springframework.org/schema/integration/jms/spring-integration-jms-2.0.xsd=org/springframework/integration/jms/config/spring-integration-jms-2.0.xsd, http://www.springframework.org/schema/cache/spring-cache.xsd=org/springframework/cache/config/spring-cache-3.2.xsd, http://www.springframework.org/schema/integration/jms/spring-integration-jms-1.0.xsd=org/springframework/integration/jms/config/spring-integration-jms-1.0.xsd, http://www.springframework.org/schema/aop/spring-aop-3.0.xsd=org/springframework/aop/config/spring-aop-3.0.xsd, http://www.springframework.org/schema/task/spring-task-3.1.xsd=org/springframework/scheduling/config/spring-task-3.1.xsd, http://www.springframework.org/schema/aop/spring-aop-2.0.xsd=org/springframework/aop/config/spring-aop-2.0.xsd, http://www.springframework.org/schema/tool/spring-tool-2.5.xsd=org/springframework/beans/factory/xml/spring-tool-2.5.xsd, http://www.springframework.org/schema/beans/spring-beans.xsd=org/springframework/beans/factory/xml/spring-beans-3.2.xsd, http://www.springframework.org/schema/integration/spring-integration.xsd=org/springframework/integration/config/xml/spring-integration-2.2.xsd, http://www.springframework.org/schema/jee/spring-jee-2.5.xsd=org/springframework/ejb/config/spring-jee-2.5.xsd, http://www.springframework.org/schema/tool/spring-tool-3.1.xsd=org/springframework/beans/factory/xml/spring-tool-3.1.xsd, http://www.springframework.org/schema/integration/spring-integration-2.1.xsd=org/springframework/integration/config/xml/spring-integration-2.1.xsd, http://www.springframework.org/schema/jee/spring-jee-3.1.xsd=org/springframework/ejb/config/spring-jee-3.1.xsd, http://www.springframework.org/schema/aop/spring-aop.xsd=org/springframework/aop/config/spring-aop-3.2.xsd, http://www.springframework.org/schema/context/spring-context-3.2.xsd=org/springframework/context/config/spring-context-3.2.xsd, http://www.springframework.org/schema/util/spring-util-3.2.xsd=org/springframework/beans/factory/xml/spring-util-3.2.xsd, http://www.springframework.org/schema/beans/spring-beans-2.0.xsd=org/springframework/beans/factory/xml/spring-beans-2.0.xsd, http://www.springframework.org/schema/lang/spring-lang-3.2.xsd=org/springframework/scripting/config/spring-lang-3.2.xsd, http://www.springframework.org/schema/beans/spring-beans-3.0.xsd=org/springframework/beans/factory/xml/spring-beans-3.0.xsd, http://www.springframework.org/schema/cache/spring-cache-3.2.xsd=org/springframework/cache/config/spring-cache-3.2.xsd, http://www.springframework.org/schema/task/spring-task-3.0.xsd=org/springframework/scheduling/config/spring-task-3.0.xsd, http://www.springframework.org/schema/context/spring-context-2.5.xsd=org/springframework/context/config/spring-context-2.5.xsd, http://www.springframework.org/schema/tx/spring-tx-2.5.xsd=org/springframework/transaction/config/spring-tx-2.5.xsd, http://www.springframework.org/schema/tool/spring-tool-3.0.xsd=org/springframework/beans/factory/xml/spring-tool-3.0.xsd, http://www.springframework.org/schema/jms/spring-jms-3.2.xsd=org/springframework/jms/config/spring-jms-3.2.xsd, http://www.springframework.org/schema/lang/spring-lang.xsd=org/springframework/scripting/config/spring-lang-3.2.xsd, http://www.springframework.org/schema/util/spring-util-2.5.xsd=org/springframework/beans/factory/xml/spring-util-2.5.xsd, http://www.springframework.org/schema/tx/spring-tx.xsd=org/springframework/transaction/config/spring-tx-3.1.xsd, http://www.springframework.org/schema/tool/spring-tool-2.0.xsd=org/springframework/beans/factory/xml/spring-tool-2.0.xsd, http://www.springframework.org/schema/lang/spring-lang-2.5.xsd=org/springframework/scripting/config/spring-lang-2.5.xsd, http://www.springframework.org/schema/integration/spring-integration-1.0.xsd=org/springframework/integration/config/xml/spring-integration-1.0.xsd, http://www.springframework.org/schema/integration/jms/spring-integration-jms-2.2.xsd=org/springframework/integration/jms/config/spring-integration-jms-2.2.xsd, http://www.springframework.org/schema/aop/spring-aop-3.2.xsd=org/springframework/aop/config/spring-aop-3.2.xsd, http://www.springframework.org/schema/integration/spring-integration-2.0.xsd=org/springframework/integration/config/xml/spring-integration-2.0.xsd, http://www.springframework.org/schema/jee/spring-jee-3.0.xsd=org/springframework/ejb/config/spring-jee-3.0.xsd, http://www.springframework.org/schema/jee/spring-jee-2.0.xsd=org/springframework/ejb/config/spring-jee-2.0.xsd, http://www.springframework.org/schema/context/spring-context-3.1.xsd=org/springframework/context/config/spring-context-3.1.xsd, http://www.springframework.org/schema/tx/spring-tx-3.1.xsd=org/springframework/transaction/config/spring-tx-3.1.xsd, http://www.springframework.org/schema/util/spring-util-3.1.xsd=org/springframework/beans/factory/xml/spring-util-3.1.xsd, http://www.springframework.org/schema/lang/spring-lang-3.1.xsd=org/springframework/scripting/config/spring-lang-3.1.xsd, http://www.springframework.org/schema/cache/spring-cache-3.1.xsd=org/springframework/cache/config/spring-cache-3.1.xsd, http://www.springframework.org/schema/context/spring-context.xsd=org/springframework/context/config/spring-context-3.2.xsd, http://www.springframework.org/schema/jee/spring-jee.xsd=org/springframework/ejb/config/spring-jee-3.2.xsd, http://www.springframework.org/schema/jms/spring-jms-2.5.xsd=org/springframework/jms/config/spring-jms-2.5.xsd, http://www.springframework.org/schema/jms/spring-jms.xsd=org/springframework/jms/config/spring-jms-3.2.xsd, http://www.springframework.org/schema/aop/spring-aop-2.5.xsd=org/springframework/aop/config/spring-aop-2.5.xsd, http://www.springframework.org/schema/jms/spring-jms-3.1.xsd=org/springframework/jms/config/spring-jms-3.1.xsd, http://www.springframework.org/schema/beans/spring-beans-3.2.xsd=org/springframework/beans/factory/xml/spring-beans-3.2.xsd, http://www.springframework.org/schema/integration/jms/spring-integration-jms.xsd=org/springframework/integration/jms/config/spring-integration-jms-2.2.xsd, http://www.springframework.org/schema/integration/jms/spring-integration-jms-2.1.xsd=org/springframework/integration/jms/config/spring-integration-jms-2.1.xsd, http://www.springframework.org/schema/tx/spring-tx-2.0.xsd=org/springframework/transaction/config/spring-tx-2.0.xsd, http://www.springframework.org/schema/aop/spring-aop-3.1.xsd=org/springframework/aop/config/spring-aop-3.1.xsd, http://www.springframework.org/schema/task/spring-task-3.2.xsd=org/springframework/scheduling/config/spring-task-3.2.xsd, http://www.springframework.org/schema/context/spring-context-3.0.xsd=org/springframework/context/config/spring-context-3.0.xsd, http://www.springframework.org/schema/tx/spring-tx-3.0.xsd=org/springframework/transaction/config/spring-tx-3.0.xsd, http://www.springframework.org/schema/tool/spring-tool.xsd=org/springframework/beans/factory/xml/spring-tool-3.2.xsd, http://www.springframework.org/schema/util/spring-util-3.0.xsd=org/springframework/beans/factory/xml/spring-util-3.0.xsd, http://www.springframework.org/schema/lang/spring-lang-3.0.xsd=org/springframework/scripting/config/spring-lang-3.0.xsd, http://www.springframework.org/schema/util/spring-util-2.0.xsd=org/springframework/beans/factory/xml/spring-util-2.0.xsd, http://www.springframework.org/schema/lang/spring-lang-2.0.xsd=org/springframework/scripting/config/spring-lang-2.0.xsd, http://www.springframework.org/schema/tool/spring-tool-3.2.xsd=org/springframework/beans/factory/xml/spring-tool-3.2.xsd, http://www.springframework.org/schema/beans/spring-beans-2.5.xsd=org/springframework/beans/factory/xml/spring-beans-2.5.xsd}
2015-10-16 15:20:11 DEBUG PluggableSchemaResolver:118 - Found XML schema [http://www.springframework.org/schema/beans/spring-beans-2.0.xsd] in classpath: org/springframework/beans/factory/xml/spring-beans-2.0.xsd
2015-10-16 15:20:11 DEBUG PluggableSchemaResolver:118 - Found XML schema [http://www.springframework.org/schema/context/spring-context-3.1.xsd] in classpath: org/springframework/context/config/spring-context-3.1.xsd
2015-10-16 15:20:11 DEBUG PluggableSchemaResolver:118 - Found XML schema [http://www.springframework.org/schema/tool/spring-tool-3.1.xsd] in classpath: org/springframework/beans/factory/xml/spring-tool-3.1.xsd
2015-10-16 15:20:11 DEBUG DefaultBeanDefinitionDocumentReader:106 - Loading bean definitions
2015-10-16 15:20:11 DEBUG DefaultNamespaceHandlerResolver:156 - Loaded NamespaceHandler mappings: {http://www.springframework.org/schema/integration/jms=org.springframework.integration.jms.config.JmsNamespaceHandler, http://www.springframework.org/schema/p=org.springframework.beans.factory.xml.SimplePropertyNamespaceHandler, http://www.springframework.org/schema/util=org.springframework.beans.factory.xml.UtilNamespaceHandler, http://www.springframework.org/schema/jee=org.springframework.ejb.config.JeeNamespaceHandler, http://www.springframework.org/schema/aop=org.springframework.aop.config.AopNamespaceHandler, http://www.springframework.org/schema/cache=org.springframework.cache.config.CacheNamespaceHandler, http://www.springframework.org/schema/c=org.springframework.beans.factory.xml.SimpleConstructorNamespaceHandler, http://www.springframework.org/schema/tx=org.springframework.transaction.config.TxNamespaceHandler, http://www.springframework.org/schema/integration=org.springframework.integration.config.xml.IntegrationNamespaceHandler, http://www.springframework.org/schema/task=org.springframework.scheduling.config.TaskNamespaceHandler, http://www.springframework.org/schema/lang=org.springframework.scripting.config.LangNamespaceHandler, http://www.springframework.org/schema/jms=org.springframework.jms.config.JmsNamespaceHandler, http://www.springframework.org/schema/context=org.springframework.context.config.ContextNamespaceHandler}
2015-10-16 15:20:12 DEBUG XmlBeanDefinitionReader:216 - Loaded 12 bean definitions from location pattern [classpath:testContext.xml]
2015-10-16 15:20:12 INFO  GenericApplicationContext:510 - Refreshing org.springframework.context.support.GenericApplicationContext@161b062a: startup date [Fri Oct 16 15:20:12 CEST 2015]; root of context hierarchy
2015-10-16 15:20:12 DEBUG GenericApplicationContext:540 - Bean factory for org.springframework.context.support.GenericApplicationContext@161b062a: org.springframework.beans.factory.support.DefaultListableBeanFactory@4562e04d: defining beans [org.springframework.context.annotation.internalConfigurationAnnotationProcessor,org.springframework.context.annotation.internalAutowiredAnnotationProcessor,org.springframework.context.annotation.internalRequiredAnnotationProcessor,org.springframework.context.annotation.internalCommonAnnotationProcessor,org.springframework.context.support.PropertySourcesPlaceholderConfigurer#0,baseMbloxConnector,mbloxCredentials,baseMbloxProtocol,defaultNotificationRequestTemplate,mbloxHttpClient,httpConnectionConfig,httpProxyConfig]; root of factory hierarchy
2015-10-16 15:20:12 DEBUG DefaultListableBeanFactory:374 - Ignoring bean class loading failure for bean &apos;httpProxyConfig&apos;
org.springframework.beans.factory.CannotLoadBeanClassException: Cannot find class [com.fisglobal.xpress.emea.sms.mblox.messaging.connector.http.HttpProxyConfig] for bean with name &apos;httpProxyConfig&apos; defined in class path resource [testContext.xml]; nested exception is java.lang.ClassNotFoundException: com.fisglobal.xpress.emea.sms.mblox.messaging.connector.http.HttpProxyConfig
	at org.springframework.beans.factory.support.AbstractBeanFactory.resolveBeanClass(AbstractBeanFactory.java:1281)
	at org.springframework.beans.factory.support.AbstractAutowireCapableBeanFactory.predictBeanType(AbstractAutowireCapableBeanFactory.java:575)
	at org.springframework.beans.factory.support.AbstractBeanFactory.isFactoryBean(AbstractBeanFactory.java:1350)
	at org.springframework.beans.factory.support.DefaultListableBeanFactory.doGetBeanNamesForType(DefaultListableBeanFactory.java:355)
	at org.springframework.beans.factory.support.DefaultListableBeanFactory.getBeanNamesForType(DefaultListableBeanFactory.java:326)
	at org.springframework.beans.factory.support.DefaultListableBeanFactory.getBeansOfType(DefaultListableBeanFactory.java:434)
	at org.springframework.context.support.AbstractApplicationContext.invokeBeanFactoryPostProcessors(AbstractApplicationContext.java:624)
	at org.springframework.context.support.AbstractApplicationContext.refresh(AbstractApplicationContext.java:461)
	at org.springframework.test.context.support.AbstractGenericContextLoader.loadContext(AbstractGenericContextLoader.java:120)
	at org.springframework.test.context.support.AbstractGenericContextLoader.loadContext(AbstractGenericContextLoader.java:60)
	at org.springframework.test.context.support.AbstractDelegatingSmartContextLoader.delegateLoading(AbstractDelegatingSmartContextLoader.java:100)
	at org.springframework.test.context.support.AbstractDelegatingSmartContextLoader.loadContext(AbstractDelegatingSmartContextLoader.java:248)
	at org.springframework.test.context.CacheAwareContextLoaderDelegate.loadContextInternal(CacheAwareContextLoaderDelegate.java:64)
	at org.springframework.test.context.CacheAwareContextLoaderDelegate.loadContext(CacheAwareContextLoaderDelegate.java:91)
	at org.springframework.test.context.TestContext.getApplicationContext(TestContext.java:122)
	at org.springframework.test.context.support.DependencyInjectionTestExecutionListener.injectDependencies(DependencyInjectionTestExecutionListener.java:109)
	at org.springframework.test.context.support.DependencyInjectionTestExecutionListener.prepareTestInstance(DependencyInjectionTestExecutionListener.java:75)
	at org.springframework.test.context.TestContextManager.prepareTestInstance(TestContextManager.java:312)
	at org.springframework.test.context.testng.AbstractTestNGSpringContextTests.springTestContextPrepareTestInstance(AbstractTestNGSpringContextTests.java:130)
	at sun.reflect.NativeMethodAccessorImpl.invoke0(Native Method)
	at sun.reflect.NativeMethodAccessorImpl.invoke(NativeMethodAccessorImpl.java:62)
	at sun.reflect.DelegatingMethodAccessorImpl.invoke(DelegatingMethodAccessorImpl.java:43)
	at java.lang.reflect.Method.invoke(Method.java:497)
	at org.testng.internal.MethodInvocationHelper.invokeMethod(MethodInvocationHelper.java:84)
	at org.testng.internal.Invoker.invokeConfigurationMethod(Invoker.java:564)
	at org.testng.internal.Invoker.invokeConfigurations(Invoker.java:213)
	at org.testng.internal.Invoker.invokeConfigurations(Invoker.java:138)
	at org.testng.internal.TestMethodWorker.invokeBeforeClassMethods(TestMethodWorker.java:175)
	at org.testng.internal.TestMethodWorker.run(TestMethodWorker.java:107)
	at org.testng.TestRunner.privateRun(TestRunner.java:767)
	at org.testng.TestRunner.run(TestRunner.java:617)
	at org.testng.SuiteRunner.runTest(SuiteRunner.java:334)
	at org.testng.SuiteRunner.runSequentially(SuiteRunner.java:329)
	at org.testng.SuiteRunner.privateRun(SuiteRunner.java:291)
	at org.testng.SuiteRunner.run(SuiteRunner.java:240)
	at org.testng.SuiteRunnerWorker.runSuite(SuiteRunnerWorker.java:52)
	at org.testng.SuiteRunnerWorker.run(SuiteRunnerWorker.java:86)
	at org.testng.TestNG.runSuitesSequentially(TestNG.java:1224)
	at org.testng.TestNG.runSuitesLocally(TestNG.java:1149)
	at org.testng.TestNG.run(TestNG.java:1057)
	at org.apache.maven.surefire.testng.TestNGExecutor.run(TestNGExecutor.java:70)
	at org.apache.maven.surefire.testng.TestNGDirectoryTestSuite.executeMulti(TestNGDirectoryTestSuite.java:158)
	at org.apache.maven.surefire.testng.TestNGDirectoryTestSuite.execute(TestNGDirectoryTestSuite.java:98)
	at org.apache.maven.surefire.testng.TestNGProvider.invoke(TestNGProvider.java:111)
	at sun.reflect.NativeMethodAccessorImpl.invoke0(Native Method)
	at sun.reflect.NativeMethodAccessorImpl.invoke(NativeMethodAccessorImpl.java:62)
	at sun.reflect.DelegatingMethodAccessorImpl.invoke(DelegatingMethodAccessorImpl.java:43)
	at java.lang.reflect.Method.invoke(Method.java:497)
	at org.apache.maven.surefire.util.ReflectionUtils.invokeMethodWithArray(ReflectionUtils.java:164)
	at org.apache.maven.surefire.booter.ProviderFactory$ProviderProxy.invoke(ProviderFactory.java:110)
	at org.apache.maven.surefire.booter.SurefireStarter.invokeProvider(SurefireStarter.java:175)
	at org.apache.maven.surefire.booter.SurefireStarter.runSuitesInProcessWhenForked(SurefireStarter.java:107)
	at org.apache.maven.surefire.booter.ForkedBooter.main(ForkedBooter.java:68)
Caused by: java.lang.ClassNotFoundException: com.fisglobal.xpress.emea.sms.mblox.messaging.connector.http.HttpProxyConfig
	at java.net.URLClassLoader.findClass(URLClassLoader.java:381)
	at java.lang.ClassLoader.loadClass(ClassLoader.java:424)
	at sun.misc.Launcher$AppClassLoader.loadClass(Launcher.java:331)
	at java.lang.ClassLoader.loadClass(ClassLoader.java:357)
	at org.springframework.util.ClassUtils.forName(ClassUtils.java:257)
	at org.springframework.beans.factory.support.AbstractBeanDefinition.resolveBeanClass(AbstractBeanDefinition.java:416)
	at org.springframework.beans.factory.support.AbstractBeanFactory.doResolveBeanClass(AbstractBeanFactory.java:1302)
	at org.springframework.beans.factory.support.AbstractBeanFactory.resolveBeanClass(AbstractBeanFactory.java:1273)
	... 52 more
2015-10-16 15:20:12 DEBUG DefaultListableBeanFactory:215 - Creating shared instance of singleton bean &apos;org.springframework.context.annotation.internalConfigurationAnnotationProcessor&apos;
2015-10-16 15:20:12 DEBUG DefaultListableBeanFactory:432 - Creating instance of bean &apos;org.springframework.context.annotation.internalConfigurationAnnotationProcessor&apos;
2015-10-16 15:20:12 DEBUG DefaultListableBeanFactory:506 - Eagerly caching bean &apos;org.springframework.context.annotation.internalConfigurationAnnotationProcessor&apos; to allow for resolving potential circular references
2015-10-16 15:20:12 DEBUG DefaultListableBeanFactory:460 - Finished creating instance of bean &apos;org.springframework.context.annotation.internalConfigurationAnnotationProcessor&apos;
2015-10-16 15:20:12 DEBUG ConfigurationClassUtils:76 - Could not find class file for introspecting factory methods: com.fisglobal.xpress.emea.sms.mblox.messaging.connector.http.HttpProxyConfig
java.io.FileNotFoundException: class path resource [com/fisglobal/xpress/emea/sms/mblox/messaging/connector/http/HttpProxyConfig.class] cannot be opened because it does not exist
	at org.springframework.core.io.ClassPathResource.getInputStream(ClassPathResource.java:157)
	at org.springframework.core.type.classreading.SimpleMetadataReader.&lt;init&gt;(SimpleMetadataReader.java:50)
	at org.springframework.core.type.classreading.SimpleMetadataReaderFactory.getMetadataReader(SimpleMetadataReaderFactory.java:80)
	at org.springframework.core.type.classreading.CachingMetadataReaderFactory.getMetadataReader(CachingMetadataReaderFactory.java:102)
	at org.springframework.core.type.classreading.SimpleMetadataReaderFactory.getMetadataReader(SimpleMetadataReaderFactory.java:76)
	at org.springframework.context.annotation.ConfigurationClassUtils.checkConfigurationClassCandidate(ConfigurationClassUtils.java:71)
	at org.springframework.context.annotation.ConfigurationClassPostProcessor.processConfigBeanDefinitions(ConfigurationClassPostProcessor.java:255)
	at org.springframework.context.annotation.ConfigurationClassPostProcessor.postProcessBeanDefinitionRegistry(ConfigurationClassPostProcessor.java:225)
	at org.springframework.context.support.AbstractApplicationContext.invokeBeanFactoryPostProcessors(AbstractApplicationContext.java:630)
	at org.springframework.context.support.AbstractApplicationContext.refresh(AbstractApplicationContext.java:461)
	at org.springframework.test.context.support.AbstractGenericContextLoader.loadContext(AbstractGenericContextLoader.java:120)
	at org.springframework.test.context.support.AbstractGenericContextLoader.loadContext(AbstractGenericContextLoader.java:60)
	at org.springframework.test.context.support.AbstractDelegatingSmartContextLoader.delegateLoading(AbstractDelegatingSmartContextLoader.java:100)
	at org.springframework.test.context.support.AbstractDelegatingSmartContextLoader.loadContext(AbstractDelegatingSmartContextLoader.java:248)
	at org.springframework.test.context.CacheAwareContextLoaderDelegate.loadContextInternal(CacheAwareContextLoaderDelegate.java:64)
	at org.springframework.test.context.CacheAwareContextLoaderDelegate.loadContext(CacheAwareContextLoaderDelegate.java:91)
	at org.springframework.test.context.TestContext.getApplicationContext(TestContext.java:122)
	at org.springframework.test.context.support.DependencyInjectionTestExecutionListener.injectDependencies(DependencyInjectionTestExecutionListener.java:109)
	at org.springframework.test.context.support.DependencyInjectionTestExecutionListener.prepareTestInstance(DependencyInjectionTestExecutionListener.java:75)
	at org.springframework.test.context.TestContextManager.prepareTestInstance(TestContextManager.java:312)
	at org.springframework.test.context.testng.AbstractTestNGSpringContextTests.springTestContextPrepareTestInstance(AbstractTestNGSpringContextTests.java:130)
	at sun.reflect.NativeMethodAccessorImpl.invoke0(Native Method)
	at sun.reflect.NativeMethodAccessorImpl.invoke(NativeMethodAccessorImpl.java:62)
	at sun.reflect.DelegatingMethodAccessorImpl.invoke(DelegatingMethodAccessorImpl.java:43)
	at java.lang.reflect.Method.invoke(Method.java:497)
	at org.testng.internal.MethodInvocationHelper.invokeMethod(MethodInvocationHelper.java:84)
	at org.testng.internal.Invoker.invokeConfigurationMethod(Invoker.java:564)
	at org.testng.internal.Invoker.invokeConfigurations(Invoker.java:213)
	at org.testng.internal.Invoker.invokeConfigurations(Invoker.java:138)
	at org.testng.internal.TestMethodWorker.invokeBeforeClassMethods(TestMethodWorker.java:175)
	at org.testng.internal.TestMethodWorker.run(TestMethodWorker.java:107)
	at org.testng.TestRunner.privateRun(TestRunner.java:767)
	at org.testng.TestRunner.run(TestRunner.java:617)
	at org.testng.SuiteRunner.runTest(SuiteRunner.java:334)
	at org.testng.SuiteRunner.runSequentially(SuiteRunner.java:329)
	at org.testng.SuiteRunner.privateRun(SuiteRunner.java:291)
	at org.testng.SuiteRunner.run(SuiteRunner.java:240)
	at org.testng.SuiteRunnerWorker.runSuite(SuiteRunnerWorker.java:52)
	at org.testng.SuiteRunnerWorker.run(SuiteRunnerWorker.java:86)
	at org.testng.TestNG.runSuitesSequentially(TestNG.java:1224)
	at org.testng.TestNG.runSuitesLocally(TestNG.java:1149)
	at org.testng.TestNG.run(TestNG.java:1057)
	at org.apache.maven.surefire.testng.TestNGExecutor.run(TestNGExecutor.java:70)
	at org.apache.maven.surefire.testng.TestNGDirectoryTestSuite.executeMulti(TestNGDirectoryTestSuite.java:158)
	at org.apache.maven.surefire.testng.TestNGDirectoryTestSuite.execute(TestNGDirectoryTestSuite.java:98)
	at org.apache.maven.surefire.testng.TestNGProvider.invoke(TestNGProvider.java:111)
	at sun.reflect.NativeMethodAccessorImpl.invoke0(Native Method)
	at sun.reflect.NativeMethodAccessorImpl.invoke(NativeMethodAccessorImpl.java:62)
	at sun.reflect.DelegatingMethodAccessorImpl.invoke(DelegatingMethodAccessorImpl.java:43)
	at java.lang.reflect.Method.invoke(Method.java:497)
	at org.apache.maven.surefire.util.ReflectionUtils.invokeMethodWithArray(ReflectionUtils.java:164)
	at org.apache.maven.surefire.booter.ProviderFactory$ProviderProxy.invoke(ProviderFactory.java:110)
	at org.apache.maven.surefire.booter.SurefireStarter.invokeProvider(SurefireStarter.java:175)
	at org.apache.maven.surefire.booter.SurefireStarter.runSuitesInProcessWhenForked(SurefireStarter.java:107)
	at org.apache.maven.surefire.booter.ForkedBooter.main(ForkedBooter.java:68)
2015-10-16 15:20:12 DEBUG DefaultListableBeanFactory:374 - Ignoring bean class loading failure for bean &apos;httpProxyConfig&apos;
org.springframework.beans.factory.CannotLoadBeanClassException: Cannot find class [com.fisglobal.xpress.emea.sms.mblox.messaging.connector.http.HttpProxyConfig] for bean with name &apos;httpProxyConfig&apos; defined in class path resource [testContext.xml]; nested exception is java.lang.ClassNotFoundException: com.fisglobal.xpress.emea.sms.mblox.messaging.connector.http.HttpProxyConfig
	at org.springframework.beans.factory.support.AbstractBeanFactory.resolveBeanClass(AbstractBeanFactory.java:1281)
	at org.springframework.beans.factory.support.AbstractAutowireCapableBeanFactory.predictBeanType(AbstractAutowireCapableBeanFactory.java:575)
	at org.springframework.beans.factory.support.AbstractBeanFactory.isFactoryBean(AbstractBeanFactory.java:1350)
	at org.springframework.beans.factory.support.DefaultListableBeanFactory.doGetBeanNamesForType(DefaultListableBeanFactory.java:355)
	at org.springframework.beans.factory.support.DefaultListableBeanFactory.getBeanNamesForType(DefaultListableBeanFactory.java:326)
	at org.springframework.context.support.AbstractApplicationContext.invokeBeanFactoryPostProcessors(AbstractApplicationContext.java:644)
	at org.springframework.context.support.AbstractApplicationContext.refresh(AbstractApplicationContext.java:461)
	at org.springframework.test.context.support.AbstractGenericContextLoader.loadContext(AbstractGenericContextLoader.java:120)
	at org.springframework.test.context.support.AbstractGenericContextLoader.loadContext(AbstractGenericContextLoader.java:60)
	at org.springframework.test.context.support.AbstractDelegatingSmartContextLoader.delegateLoading(AbstractDelegatingSmartContextLoader.java:100)
	at org.springframework.test.context.support.AbstractDelegatingSmartContextLoader.loadContext(AbstractDelegatingSmartContextLoader.java:248)
	at org.springframework.test.context.CacheAwareContextLoaderDelegate.loadContextInternal(CacheAwareContextLoaderDelegate.java:64)
	at org.springframework.test.context.CacheAwareContextLoaderDelegate.loadContext(CacheAwareContextLoaderDelegate.java:91)
	at org.springframework.test.context.TestContext.getApplicationContext(TestContext.java:122)
	at org.springframework.test.context.support.DependencyInjectionTestExecutionListener.injectDependencies(DependencyInjectionTestExecutionListener.java:109)
	at org.springframework.test.context.support.DependencyInjectionTestExecutionListener.prepareTestInstance(DependencyInjectionTestExecutionListener.java:75)
	at org.springframework.test.context.TestContextManager.prepareTestInstance(TestContextManager.java:312)
	at org.springframework.test.context.testng.AbstractTestNGSpringContextTests.springTestContextPrepareTestInstance(AbstractTestNGSpringContextTests.java:130)
	at sun.reflect.NativeMethodAccessorImpl.invoke0(Native Method)
	at sun.reflect.NativeMethodAccessorImpl.invoke(NativeMethodAccessorImpl.java:62)
	at sun.reflect.DelegatingMethodAccessorImpl.invoke(DelegatingMethodAccessorImpl.java:43)
	at java.lang.reflect.Method.invoke(Method.java:497)
	at org.testng.internal.MethodInvocationHelper.invokeMethod(MethodInvocationHelper.java:84)
	at org.testng.internal.Invoker.invokeConfigurationMethod(Invoker.java:564)
	at org.testng.internal.Invoker.invokeConfigurations(Invoker.java:213)
	at org.testng.internal.Invoker.invokeConfigurations(Invoker.java:138)
	at org.testng.internal.TestMethodWorker.invokeBeforeClassMethods(TestMethodWorker.java:175)
	at org.testng.internal.TestMethodWorker.run(TestMethodWorker.java:107)
	at org.testng.TestRunner.privateRun(TestRunner.java:767)
	at org.testng.TestRunner.run(TestRunner.java:617)
	at org.testng.SuiteRunner.runTest(SuiteRunner.java:334)
	at org.testng.SuiteRunner.runSequentially(SuiteRunner.java:329)
	at org.testng.SuiteRunner.privateRun(SuiteRunner.java:291)
	at org.testng.SuiteRunner.run(SuiteRunner.java:240)
	at org.testng.SuiteRunnerWorker.runSuite(SuiteRunnerWorker.java:52)
	at org.testng.SuiteRunnerWorker.run(SuiteRunnerWorker.java:86)
	at org.testng.TestNG.runSuitesSequentially(TestNG.java:1224)
	at org.testng.TestNG.runSuitesLocally(TestNG.java:1149)
	at org.testng.TestNG.run(TestNG.java:1057)
	at org.apache.maven.surefire.testng.TestNGExecutor.run(TestNGExecutor.java:70)
	at org.apache.maven.surefire.testng.TestNGDirectoryTestSuite.executeMulti(TestNGDirectoryTestSuite.java:158)
	at org.apache.maven.surefire.testng.TestNGDirectoryTestSuite.execute(TestNGDirectoryTestSuite.java:98)
	at org.apache.maven.surefire.testng.TestNGProvider.invoke(TestNGProvider.java:111)
	at sun.reflect.NativeMethodAccessorImpl.invoke0(Native Method)
	at sun.reflect.NativeMethodAccessorImpl.invoke(NativeMethodAccessorImpl.java:62)
	at sun.reflect.DelegatingMethodAccessorImpl.invoke(DelegatingMethodAccessorImpl.java:43)
	at java.lang.reflect.Method.invoke(Method.java:497)
	at org.apache.maven.surefire.util.ReflectionUtils.invokeMethodWithArray(ReflectionUtils.java:164)
	at org.apache.maven.surefire.booter.ProviderFactory$ProviderProxy.invoke(ProviderFactory.java:110)
	at org.apache.maven.surefire.booter.SurefireStarter.invokeProvider(SurefireStarter.java:175)
	at org.apache.maven.surefire.booter.SurefireStarter.runSuitesInProcessWhenForked(SurefireStarter.java:107)
	at org.apache.maven.surefire.booter.ForkedBooter.main(ForkedBooter.java:68)
Caused by: java.lang.ClassNotFoundException: com.fisglobal.xpress.emea.sms.mblox.messaging.connector.http.HttpProxyConfig
	at java.net.URLClassLoader.findClass(URLClassLoader.java:381)
	at java.lang.ClassLoader.loadClass(ClassLoader.java:424)
	at sun.misc.Launcher$AppClassLoader.loadClass(Launcher.java:331)
	at java.lang.ClassLoader.loadClass(ClassLoader.java:357)
	at org.springframework.util.ClassUtils.forName(ClassUtils.java:257)
	at org.springframework.beans.factory.support.AbstractBeanDefinition.resolveBeanClass(AbstractBeanDefinition.java:416)
	at org.springframework.beans.factory.support.AbstractBeanFactory.doResolveBeanClass(AbstractBeanFactory.java:1302)
	at org.springframework.beans.factory.support.AbstractBeanFactory.resolveBeanClass(AbstractBeanFactory.java:1273)
	... 51 more
2015-10-16 15:20:12 DEBUG DefaultListableBeanFactory:215 - Creating shared instance of singleton bean &apos;org.springframework.context.support.PropertySourcesPlaceholderConfigurer#0&apos;
2015-10-16 15:20:12 DEBUG DefaultListableBeanFactory:432 - Creating instance of bean &apos;org.springframework.context.support.PropertySourcesPlaceholderConfigurer#0&apos;
2015-10-16 15:20:12 DEBUG DefaultListableBeanFactory:506 - Eagerly caching bean &apos;org.springframework.context.support.PropertySourcesPlaceholderConfigurer#0&apos; to allow for resolving potential circular references
2015-10-16 15:20:12 DEBUG DefaultListableBeanFactory:460 - Finished creating instance of bean &apos;org.springframework.context.support.PropertySourcesPlaceholderConfigurer#0&apos;
2015-10-16 15:20:12 DEBUG MutablePropertySources:107 - Adding [environmentProperties] PropertySource with lowest search precedence
2015-10-16 15:20:12 INFO  PropertySourcesPlaceholderConfigurer:172 - Loading properties file from class path resource [httpConnectionConfig.properties]
2015-10-16 15:20:12 INFO  PropertySourcesPlaceholderConfigurer:172 - Loading properties file from class path resource [httpProxyConfig.properties]
2015-10-16 15:20:12 INFO  PropertySourcesPlaceholderConfigurer:172 - Loading properties file from class path resource [mbloxCredentials.properties]
2015-10-16 15:20:12 DEBUG MutablePropertySources:107 - Adding [localProperties] PropertySource with lowest search precedence
2015-10-16 15:20:12 DEBUG PropertySourcesPropertyResolver:81 - Searching for key &apos;partnerName&apos; in [environmentProperties]
2015-10-16 15:20:12 DEBUG PropertySourcesPropertyResolver:81 - Searching for key &apos;partnerName&apos; in [systemProperties]
2015-10-16 15:20:12 DEBUG PropertySourcesPropertyResolver:81 - Searching for key &apos;partnerName&apos; in [systemEnvironment]
2015-10-16 15:20:12 DEBUG PropertySourcesPropertyResolver:103 - Could not find key &apos;partnerName&apos; in any property source. Returning [null]
2015-10-16 15:20:12 DEBUG PropertySourcesPropertyResolver:81 - Searching for key &apos;partnerName&apos; in [localProperties]
2015-10-16 15:20:12 DEBUG PropertySourcesPropertyResolver:90 - Found key &apos;partnerName&apos; in [localProperties] with type [String] and value &apos;FISAtomBank&apos;
2015-10-16 15:20:12 DEBUG PropertySourcesPropertyResolver:81 - Searching for key &apos;partnerPassword&apos; in [environmentProperties]
2015-10-16 15:20:12 DEBUG PropertySourcesPropertyResolver:81 - Searching for key &apos;partnerPassword&apos; in [systemProperties]
2015-10-16 15:20:12 DEBUG PropertySourcesPropertyResolver:81 - Searching for key &apos;partnerPassword&apos; in [systemEnvironment]
2015-10-16 15:20:12 DEBUG PropertySourcesPropertyResolver:103 - Could not find key &apos;partnerPassword&apos; in any property source. Returning [null]
2015-10-16 15:20:12 DEBUG PropertySourcesPropertyResolver:81 - Searching for key &apos;partnerPassword&apos; in [localProperties]
2015-10-16 15:20:12 DEBUG PropertySourcesPropertyResolver:90 - Found key &apos;partnerPassword&apos; in [localProperties] with type [String] and value &apos;xMnJH4tr&apos;
2015-10-16 15:20:12 DEBUG PropertySourcesPropertyResolver:81 - Searching for key &apos;profileId&apos; in [environmentProperties]
2015-10-16 15:20:12 DEBUG PropertySourcesPropertyResolver:81 - Searching for key &apos;profileId&apos; in [systemProperties]
2015-10-16 15:20:12 DEBUG PropertySourcesPropertyResolver:81 - Searching for key &apos;profileId&apos; in [systemEnvironment]
2015-10-16 15:20:12 DEBUG PropertySourcesPropertyResolver:103 - Could not find key &apos;profileId&apos; in any property source. Returning [null]
2015-10-16 15:20:12 DEBUG PropertySourcesPropertyResolver:81 - Searching for key &apos;profileId&apos; in [localProperties]
2015-10-16 15:20:12 DEBUG PropertySourcesPropertyResolver:90 - Found key &apos;profileId&apos; in [localProperties] with type [String] and value &apos;&apos;
2015-10-16 15:20:12 DEBUG PropertySourcesPropertyResolver:81 - Searching for key &apos;connectionTimeoutMillis&apos; in [environmentProperties]
2015-10-16 15:20:12 DEBUG PropertySourcesPropertyResolver:81 - Searching for key &apos;connectionTimeoutMillis&apos; in [systemProperties]
2015-10-16 15:20:12 DEBUG PropertySourcesPropertyResolver:81 - Searching for key &apos;connectionTimeoutMillis&apos; in [systemEnvironment]
2015-10-16 15:20:12 DEBUG PropertySourcesPropertyResolver:103 - Could not find key &apos;connectionTimeoutMillis&apos; in any property source. Returning [null]
2015-10-16 15:20:12 DEBUG PropertySourcesPropertyResolver:81 - Searching for key &apos;connectionTimeoutMillis&apos; in [localProperties]
2015-10-16 15:20:12 DEBUG PropertySourcesPropertyResolver:90 - Found key &apos;connectionTimeoutMillis&apos; in [localProperties] with type [String] and value &apos;60000&apos;
2015-10-16 15:20:12 DEBUG PropertySourcesPropertyResolver:81 - Searching for key &apos;httpProxyHost&apos; in [environmentProperties]
2015-10-16 15:20:12 DEBUG PropertySourcesPropertyResolver:81 - Searching for key &apos;httpProxyHost&apos; in [systemProperties]
2015-10-16 15:20:12 DEBUG PropertySourcesPropertyResolver:81 - Searching for key &apos;httpProxyHost&apos; in [systemEnvironment]
2015-10-16 15:20:12 DEBUG PropertySourcesPropertyResolver:103 - Could not find key &apos;httpProxyHost&apos; in any property source. Returning [null]
2015-10-16 15:20:12 DEBUG PropertySourcesPropertyResolver:81 - Searching for key &apos;httpProxyHost&apos; in [localProperties]
2015-10-16 15:20:12 DEBUG PropertySourcesPropertyResolver:90 - Found key &apos;httpProxyHost&apos; in [localProperties] with type [String] and value &apos;amsxpress01.fnfis.com&apos;
2015-10-16 15:20:12 DEBUG PropertySourcesPropertyResolver:81 - Searching for key &apos;httpProxyPort&apos; in [environmentProperties]
2015-10-16 15:20:12 DEBUG PropertySourcesPropertyResolver:81 - Searching for key &apos;httpProxyPort&apos; in [systemProperties]
2015-10-16 15:20:12 DEBUG PropertySourcesPropertyResolver:81 - Searching for key &apos;httpProxyPort&apos; in [systemEnvironment]
2015-10-16 15:20:12 DEBUG PropertySourcesPropertyResolver:103 - Could not find key &apos;httpProxyPort&apos; in any property source. Returning [null]
2015-10-16 15:20:12 DEBUG PropertySourcesPropertyResolver:81 - Searching for key &apos;httpProxyPort&apos; in [localProperties]
2015-10-16 15:20:12 DEBUG PropertySourcesPropertyResolver:90 - Found key &apos;httpProxyPort&apos; in [localProperties] with type [String] and value &apos;3128&apos;
2015-10-16 15:20:12 DEBUG DefaultListableBeanFactory:374 - Ignoring bean class loading failure for bean &apos;httpProxyConfig&apos;
org.springframework.beans.factory.CannotLoadBeanClassException: Cannot find class [com.fisglobal.xpress.emea.sms.mblox.messaging.connector.http.HttpProxyConfig] for bean with name &apos;httpProxyConfig&apos; defined in class path resource [testContext.xml]; nested exception is java.lang.ClassNotFoundException: com.fisglobal.xpress.emea.sms.mblox.messaging.connector.http.HttpProxyConfig
	at org.springframework.beans.factory.support.AbstractBeanFactory.resolveBeanClass(AbstractBeanFactory.java:1281)
	at org.springframework.beans.factory.support.AbstractAutowireCapableBeanFactory.predictBeanType(AbstractAutowireCapableBeanFactory.java:575)
	at org.springframework.beans.factory.support.AbstractBeanFactory.isFactoryBean(AbstractBeanFactory.java:1350)
	at org.springframework.beans.factory.support.DefaultListableBeanFactory.doGetBeanNamesForType(DefaultListableBeanFactory.java:355)
	at org.springframework.beans.factory.support.DefaultListableBeanFactory.getBeanNamesForType(DefaultListableBeanFactory.java:326)
	at org.springframework.context.support.AbstractApplicationContext.registerBeanPostProcessors(AbstractApplicationContext.java:704)
	at org.springframework.context.support.AbstractApplicationContext.refresh(AbstractApplicationContext.java:464)
	at org.springframework.test.context.support.AbstractGenericContextLoader.loadContext(AbstractGenericContextLoader.java:120)
	at org.springframework.test.context.support.AbstractGenericContextLoader.loadContext(AbstractGenericContextLoader.java:60)
	at org.springframework.test.context.support.AbstractDelegatingSmartContextLoader.delegateLoading(AbstractDelegatingSmartContextLoader.java:100)
	at org.springframework.test.context.support.AbstractDelegatingSmartContextLoader.loadContext(AbstractDelegatingSmartContextLoader.java:248)
	at org.springframework.test.context.CacheAwareContextLoaderDelegate.loadContextInternal(CacheAwareContextLoaderDelegate.java:64)
	at org.springframework.test.context.CacheAwareContextLoaderDelegate.loadContext(CacheAwareContextLoaderDelegate.java:91)
	at org.springframework.test.context.TestContext.getApplicationContext(TestContext.java:122)
	at org.springframework.test.context.support.DependencyInjectionTestExecutionListener.injectDependencies(DependencyInjectionTestExecutionListener.java:109)
	at org.springframework.test.context.support.DependencyInjectionTestExecutionListener.prepareTestInstance(DependencyInjectionTestExecutionListener.java:75)
	at org.springframework.test.context.TestContextManager.prepareTestInstance(TestContextManager.java:312)
	at org.springframework.test.context.testng.AbstractTestNGSpringContextTests.springTestContextPrepareTestInstance(AbstractTestNGSpringContextTests.java:130)
	at sun.reflect.NativeMethodAccessorImpl.invoke0(Native Method)
	at sun.reflect.NativeMethodAccessorImpl.invoke(NativeMethodAccessorImpl.java:62)
	at sun.reflect.DelegatingMethodAccessorImpl.invoke(DelegatingMethodAccessorImpl.java:43)
	at java.lang.reflect.Method.invoke(Method.java:497)
	at org.testng.internal.MethodInvocationHelper.invokeMethod(MethodInvocationHelper.java:84)
	at org.testng.internal.Invoker.invokeConfigurationMethod(Invoker.java:564)
	at org.testng.internal.Invoker.invokeConfigurations(Invoker.java:213)
	at org.testng.internal.Invoker.invokeConfigurations(Invoker.java:138)
	at org.testng.internal.TestMethodWorker.invokeBeforeClassMethods(TestMethodWorker.java:175)
	at org.testng.internal.TestMethodWorker.run(TestMethodWorker.java:107)
	at org.testng.TestRunner.privateRun(TestRunner.java:767)
	at org.testng.TestRunner.run(TestRunner.java:617)
	at org.testng.SuiteRunner.runTest(SuiteRunner.java:334)
	at org.testng.SuiteRunner.runSequentially(SuiteRunner.java:329)
	at org.testng.SuiteRunner.privateRun(SuiteRunner.java:291)
	at org.testng.SuiteRunner.run(SuiteRunner.java:240)
	at org.testng.SuiteRunnerWorker.runSuite(SuiteRunnerWorker.java:52)
	at org.testng.SuiteRunnerWorker.run(SuiteRunnerWorker.java:86)
	at org.testng.TestNG.runSuitesSequentially(TestNG.java:1224)
	at org.testng.TestNG.runSuitesLocally(TestNG.java:1149)
	at org.testng.TestNG.run(TestNG.java:1057)
	at org.apache.maven.surefire.testng.TestNGExecutor.run(TestNGExecutor.java:70)
	at org.apache.maven.surefire.testng.TestNGDirectoryTestSuite.executeMulti(TestNGDirectoryTestSuite.java:158)
	at org.apache.maven.surefire.testng.TestNGDirectoryTestSuite.execute(TestNGDirectoryTestSuite.java:98)
	at org.apache.maven.surefire.testng.TestNGProvider.invoke(TestNGProvider.java:111)
	at sun.reflect.NativeMethodAccessorImpl.invoke0(Native Method)
	at sun.reflect.NativeMethodAccessorImpl.invoke(NativeMethodAccessorImpl.java:62)
	at sun.reflect.DelegatingMethodAccessorImpl.invoke(DelegatingMethodAccessorImpl.java:43)
	at java.lang.reflect.Method.invoke(Method.java:497)
	at org.apache.maven.surefire.util.ReflectionUtils.invokeMethodWithArray(ReflectionUtils.java:164)
	at org.apache.maven.surefire.booter.ProviderFactory$ProviderProxy.invoke(ProviderFactory.java:110)
	at org.apache.maven.surefire.booter.SurefireStarter.invokeProvider(SurefireStarter.java:175)
	at org.apache.maven.surefire.booter.SurefireStarter.runSuitesInProcessWhenForked(SurefireStarter.java:107)
	at org.apache.maven.surefire.booter.ForkedBooter.main(ForkedBooter.java:68)
Caused by: java.lang.ClassNotFoundException: com.fisglobal.xpress.emea.sms.mblox.messaging.connector.http.HttpProxyConfig
	at java.net.URLClassLoader.findClass(URLClassLoader.java:381)
	at java.lang.ClassLoader.loadClass(ClassLoader.java:424)
	at sun.misc.Launcher$AppClassLoader.loadClass(Launcher.java:331)
	at java.lang.ClassLoader.loadClass(ClassLoader.java:357)
	at org.springframework.util.ClassUtils.forName(ClassUtils.java:257)
	at org.springframework.beans.factory.support.AbstractBeanDefinition.resolveBeanClass(AbstractBeanDefinition.java:416)
	at org.springframework.beans.factory.support.AbstractBeanFactory.doResolveBeanClass(AbstractBeanFactory.java:1302)
	at org.springframework.beans.factory.support.AbstractBeanFactory.resolveBeanClass(AbstractBeanFactory.java:1273)
	... 51 more
2015-10-16 15:20:12 DEBUG DefaultListableBeanFactory:215 - Creating shared instance of singleton bean &apos;org.springframework.context.annotation.internalAutowiredAnnotationProcessor&apos;
2015-10-16 15:20:12 DEBUG DefaultListableBeanFactory:432 - Creating instance of bean &apos;org.springframework.context.annotation.internalAutowiredAnnotationProcessor&apos;
2015-10-16 15:20:12 DEBUG DefaultListableBeanFactory:506 - Eagerly caching bean &apos;org.springframework.context.annotation.internalAutowiredAnnotationProcessor&apos; to allow for resolving potential circular references
2015-10-16 15:20:12 DEBUG DefaultListableBeanFactory:460 - Finished creating instance of bean &apos;org.springframework.context.annotation.internalAutowiredAnnotationProcessor&apos;
2015-10-16 15:20:12 DEBUG DefaultListableBeanFactory:215 - Creating shared instance of singleton bean &apos;org.springframework.context.annotation.internalRequiredAnnotationProcessor&apos;
2015-10-16 15:20:12 DEBUG DefaultListableBeanFactory:432 - Creating instance of bean &apos;org.springframework.context.annotation.internalRequiredAnnotationProcessor&apos;
2015-10-16 15:20:12 DEBUG DefaultListableBeanFactory:506 - Eagerly caching bean &apos;org.springframework.context.annotation.internalRequiredAnnotationProcessor&apos; to allow for resolving potential circular references
2015-10-16 15:20:12 DEBUG DefaultListableBeanFactory:460 - Finished creating instance of bean &apos;org.springframework.context.annotation.internalRequiredAnnotationProcessor&apos;
2015-10-16 15:20:12 DEBUG DefaultListableBeanFactory:215 - Creating shared instance of singleton bean &apos;org.springframework.context.annotation.internalCommonAnnotationProcessor&apos;
2015-10-16 15:20:12 DEBUG DefaultListableBeanFactory:432 - Creating instance of bean &apos;org.springframework.context.annotation.internalCommonAnnotationProcessor&apos;
2015-10-16 15:20:12 DEBUG DefaultListableBeanFactory:506 - Eagerly caching bean &apos;org.springframework.context.annotation.internalCommonAnnotationProcessor&apos; to allow for resolving potential circular references
2015-10-16 15:20:12 DEBUG DefaultListableBeanFactory:460 - Finished creating instance of bean &apos;org.springframework.context.annotation.internalCommonAnnotationProcessor&apos;
2015-10-16 15:20:12 DEBUG DefaultListableBeanFactory:215 - Creating shared instance of singleton bean &apos;org.springframework.context.annotation.ConfigurationClassPostProcessor.importAwareProcessor&apos;
2015-10-16 15:20:12 DEBUG DefaultListableBeanFactory:432 - Creating instance of bean &apos;org.springframework.context.annotation.ConfigurationClassPostProcessor.importAwareProcessor&apos;
2015-10-16 15:20:12 DEBUG DefaultListableBeanFactory:506 - Eagerly caching bean &apos;org.springframework.context.annotation.ConfigurationClassPostProcessor.importAwareProcessor&apos; to allow for resolving potential circular references
2015-10-16 15:20:12 DEBUG DefaultListableBeanFactory:460 - Finished creating instance of bean &apos;org.springframework.context.annotation.ConfigurationClassPostProcessor.importAwareProcessor&apos;
2015-10-16 15:20:12 DEBUG GenericApplicationContext:807 - Unable to locate MessageSource with name &apos;messageSource&apos;: using default [org.springframework.context.support.DelegatingMessageSource@4da4253]
2015-10-16 15:20:12 DEBUG GenericApplicationContext:831 - Unable to locate ApplicationEventMulticaster with name &apos;applicationEventMulticaster&apos;: using default [org.springframework.context.event.SimpleApplicationEventMulticaster@4d910fd6]
2015-10-16 15:20:12 DEBUG DefaultListableBeanFactory:374 - Ignoring bean class loading failure for bean &apos;httpProxyConfig&apos;
org.springframework.beans.factory.CannotLoadBeanClassException: Cannot find class [com.fisglobal.xpress.emea.sms.mblox.messaging.connector.http.HttpProxyConfig] for bean with name &apos;httpProxyConfig&apos; defined in class path resource [testContext.xml]; nested exception is java.lang.ClassNotFoundException: com.fisglobal.xpress.emea.sms.mblox.messaging.connector.http.HttpProxyConfig
	at org.springframework.beans.factory.support.AbstractBeanFactory.resolveBeanClass(AbstractBeanFactory.java:1281)
	at org.springframework.beans.factory.support.AbstractAutowireCapableBeanFactory.predictBeanType(AbstractAutowireCapableBeanFactory.java:575)
	at org.springframework.beans.factory.support.AbstractBeanFactory.isFactoryBean(AbstractBeanFactory.java:1350)
	at org.springframework.beans.factory.support.DefaultListableBeanFactory.doGetBeanNamesForType(DefaultListableBeanFactory.java:355)
	at org.springframework.beans.factory.support.DefaultListableBeanFactory.getBeanNamesForType(DefaultListableBeanFactory.java:326)
	at org.springframework.context.support.AbstractApplicationContext.getBeanNamesForType(AbstractApplicationContext.java:1178)
	at org.springframework.context.support.AbstractApplicationContext.registerListeners(AbstractApplicationContext.java:887)
	at org.springframework.context.support.AbstractApplicationContext.refresh(AbstractApplicationContext.java:476)
	at org.springframework.test.context.support.AbstractGenericContextLoader.loadContext(AbstractGenericContextLoader.java:120)
	at org.springframework.test.context.support.AbstractGenericContextLoader.loadContext(AbstractGenericContextLoader.java:60)
	at org.springframework.test.context.support.AbstractDelegatingSmartContextLoader.delegateLoading(AbstractDelegatingSmartContextLoader.java:100)
	at org.springframework.test.context.support.AbstractDelegatingSmartContextLoader.loadContext(AbstractDelegatingSmartContextLoader.java:248)
	at org.springframework.test.context.CacheAwareContextLoaderDelegate.loadContextInternal(CacheAwareContextLoaderDelegate.java:64)
	at org.springframework.test.context.CacheAwareContextLoaderDelegate.loadContext(CacheAwareContextLoaderDelegate.java:91)
	at org.springframework.test.context.TestContext.getApplicationContext(TestContext.java:122)
	at org.springframework.test.context.support.DependencyInjectionTestExecutionListener.injectDependencies(DependencyInjectionTestExecutionListener.java:109)
	at org.springframework.test.context.support.DependencyInjectionTestExecutionListener.prepareTestInstance(DependencyInjectionTestExecutionListener.java:75)
	at org.springframework.test.context.TestContextManager.prepareTestInstance(TestContextManager.java:312)
	at org.springframework.test.context.testng.AbstractTestNGSpringContextTests.springTestContextPrepareTestInstance(AbstractTestNGSpringContextTests.java:130)
	at sun.reflect.NativeMethodAccessorImpl.invoke0(Native Method)
	at sun.reflect.NativeMethodAccessorImpl.invoke(NativeMethodAccessorImpl.java:62)
	at sun.reflect.DelegatingMethodAccessorImpl.invoke(DelegatingMethodAccessorImpl.java:43)
	at java.lang.reflect.Method.invoke(Method.java:497)
	at org.testng.internal.MethodInvocationHelper.invokeMethod(MethodInvocationHelper.java:84)
	at org.testng.internal.Invoker.invokeConfigurationMethod(Invoker.java:564)
	at org.testng.internal.Invoker.invokeConfigurations(Invoker.java:213)
	at org.testng.internal.Invoker.invokeConfigurations(Invoker.java:138)
	at org.testng.internal.TestMethodWorker.invokeBeforeClassMethods(TestMethodWorker.java:175)
	at org.testng.internal.TestMethodWorker.run(TestMethodWorker.java:107)
	at org.testng.TestRunner.privateRun(TestRunner.java:767)
	at org.testng.TestRunner.run(TestRunner.java:617)
	at org.testng.SuiteRunner.runTest(SuiteRunner.java:334)
	at org.testng.SuiteRunner.runSequentially(SuiteRunner.java:329)
	at org.testng.SuiteRunner.privateRun(SuiteRunner.java:291)
	at org.testng.SuiteRunner.run(SuiteRunner.java:240)
	at org.testng.SuiteRunnerWorker.runSuite(SuiteRunnerWorker.java:52)
	at org.testng.SuiteRunnerWorker.run(SuiteRunnerWorker.java:86)
	at org.testng.TestNG.runSuitesSequentially(TestNG.java:1224)
	at org.testng.TestNG.runSuitesLocally(TestNG.java:1149)
	at org.testng.TestNG.run(TestNG.java:1057)
	at org.apache.maven.surefire.testng.TestNGExecutor.run(TestNGExecutor.java:70)
	at org.apache.maven.surefire.testng.TestNGDirectoryTestSuite.executeMulti(TestNGDirectoryTestSuite.java:158)
	at org.apache.maven.surefire.testng.TestNGDirectoryTestSuite.execute(TestNGDirectoryTestSuite.java:98)
	at org.apache.maven.surefire.testng.TestNGProvider.invoke(TestNGProvider.java:111)
	at sun.reflect.NativeMethodAccessorImpl.invoke0(Native Method)
	at sun.reflect.NativeMethodAccessorImpl.invoke(NativeMethodAccessorImpl.java:62)
	at sun.reflect.DelegatingMethodAccessorImpl.invoke(DelegatingMethodAccessorImpl.java:43)
	at java.lang.reflect.Method.invoke(Method.java:497)
	at org.apache.maven.surefire.util.ReflectionUtils.invokeMethodWithArray(ReflectionUtils.java:164)
	at org.apache.maven.surefire.booter.ProviderFactory$ProviderProxy.invoke(ProviderFactory.java:110)
	at org.apache.maven.surefire.booter.SurefireStarter.invokeProvider(SurefireStarter.java:175)
	at org.apache.maven.surefire.booter.SurefireStarter.runSuitesInProcessWhenForked(SurefireStarter.java:107)
	at org.apache.maven.surefire.booter.ForkedBooter.main(ForkedBooter.java:68)
Caused by: java.lang.ClassNotFoundException: com.fisglobal.xpress.emea.sms.mblox.messaging.connector.http.HttpProxyConfig
	at java.net.URLClassLoader.findClass(URLClassLoader.java:381)
	at java.lang.ClassLoader.loadClass(ClassLoader.java:424)
	at sun.misc.Launcher$AppClassLoader.loadClass(Launcher.java:331)
	at java.lang.ClassLoader.loadClass(ClassLoader.java:357)
	at org.springframework.util.ClassUtils.forName(ClassUtils.java:257)
	at org.springframework.beans.factory.support.AbstractBeanDefinition.resolveBeanClass(AbstractBeanDefinition.java:416)
	at org.springframework.beans.factory.support.AbstractBeanFactory.doResolveBeanClass(AbstractBeanFactory.java:1302)
	at org.springframework.beans.factory.support.AbstractBeanFactory.resolveBeanClass(AbstractBeanFactory.java:1273)
	... 52 more
2015-10-16 15:20:12 DEBUG DefaultListableBeanFactory:374 - Ignoring bean class loading failure for bean &apos;httpProxyConfig&apos;
org.springframework.beans.factory.CannotLoadBeanClassException: Cannot find class [com.fisglobal.xpress.emea.sms.mblox.messaging.connector.http.HttpProxyConfig] for bean with name &apos;httpProxyConfig&apos; defined in class path resource [testContext.xml]; nested exception is java.lang.ClassNotFoundException: com.fisglobal.xpress.emea.sms.mblox.messaging.connector.http.HttpProxyConfig
	at org.springframework.beans.factory.support.AbstractBeanFactory.resolveBeanClass(AbstractBeanFactory.java:1281)
	at org.springframework.beans.factory.support.AbstractAutowireCapableBeanFactory.predictBeanType(AbstractAutowireCapableBeanFactory.java:575)
	at org.springframework.beans.factory.support.AbstractBeanFactory.isFactoryBean(AbstractBeanFactory.java:1350)
	at org.springframework.beans.factory.support.DefaultListableBeanFactory.doGetBeanNamesForType(DefaultListableBeanFactory.java:355)
	at org.springframework.beans.factory.support.DefaultListableBeanFactory.getBeanNamesForType(DefaultListableBeanFactory.java:326)
	at org.springframework.context.support.AbstractApplicationContext.finishBeanFactoryInitialization(AbstractApplicationContext.java:920)
	at org.springframework.context.support.AbstractApplicationContext.refresh(AbstractApplicationContext.java:479)
	at org.springframework.test.context.support.AbstractGenericContextLoader.loadContext(AbstractGenericContextLoader.java:120)
	at org.springframework.test.context.support.AbstractGenericContextLoader.loadContext(AbstractGenericContextLoader.java:60)
	at org.springframework.test.context.support.AbstractDelegatingSmartContextLoader.delegateLoading(AbstractDelegatingSmartContextLoader.java:100)
	at org.springframework.test.context.support.AbstractDelegatingSmartContextLoader.loadContext(AbstractDelegatingSmartContextLoader.java:248)
	at org.springframework.test.context.CacheAwareContextLoaderDelegate.loadContextInternal(CacheAwareContextLoaderDelegate.java:64)
	at org.springframework.test.context.CacheAwareContextLoaderDelegate.loadContext(CacheAwareContextLoaderDelegate.java:91)
	at org.springframework.test.context.TestContext.getApplicationContext(TestContext.java:122)
	at org.springframework.test.context.support.DependencyInjectionTestExecutionListener.injectDependencies(DependencyInjectionTestExecutionListener.java:109)
	at org.springframework.test.context.support.DependencyInjectionTestExecutionListener.prepareTestInstance(DependencyInjectionTestExecutionListener.java:75)
	at org.springframework.test.context.TestContextManager.prepareTestInstance(TestContextManager.java:312)
	at org.springframework.test.context.testng.AbstractTestNGSpringContextTests.springTestContextPrepareTestInstance(AbstractTestNGSpringContextTests.java:130)
	at sun.reflect.NativeMethodAccessorImpl.invoke0(Native Method)
	at sun.reflect.NativeMethodAccessorImpl.invoke(NativeMethodAccessorImpl.java:62)
	at sun.reflect.DelegatingMethodAccessorImpl.invoke(DelegatingMethodAccessorImpl.java:43)
	at java.lang.reflect.Method.invoke(Method.java:497)
	at org.testng.internal.MethodInvocationHelper.invokeMethod(MethodInvocationHelper.java:84)
	at org.testng.internal.Invoker.invokeConfigurationMethod(Invoker.java:564)
	at org.testng.internal.Invoker.invokeConfigurations(Invoker.java:213)
	at org.testng.internal.Invoker.invokeConfigurations(Invoker.java:138)
	at org.testng.internal.TestMethodWorker.invokeBeforeClassMethods(TestMethodWorker.java:175)
	at org.testng.internal.TestMethodWorker.run(TestMethodWorker.java:107)
	at org.testng.TestRunner.privateRun(TestRunner.java:767)
	at org.testng.TestRunner.run(TestRunner.java:617)
	at org.testng.SuiteRunner.runTest(SuiteRunner.java:334)
[...]
	at java.lang.reflect.Method.invoke(Method.java:497)
	at org.apache.maven.surefire.util.ReflectionUtils.invokeMethodWithArray(ReflectionUtils.java:164)
	at org.apache.maven.surefire.booter.ProviderFactory$ProviderProxy.invoke(ProviderFactory.java:110)
	at org.apache.maven.surefire.booter.SurefireStarter.invokeProvider(SurefireStarter.java:175)
	at org.apache.maven.surefire.booter.SurefireStarter.runSuitesInProcessWhenForked(SurefireStarter.java:107)
	at org.apache.maven.surefire.booter.ForkedBooter.main(ForkedBooter.java:68)
Caused by: org.springframework.beans.factory.BeanCreationException: Error creating bean with name &apos;baseMbloxConnector&apos; defined in class path resource [testContext.xml]: Cannot resolve reference to bean &apos;mbloxHttpClient&apos; while setting bean property &apos;mbloxClient&apos;; nested exception is org.springframework.beans.factory.BeanCreationException: Error creating bean with name &apos;mbloxHttpClient&apos; defined in class path resource [testContext.xml]: Cannot resolve reference to bean &apos;httpProxyConfig&apos; while setting bean property &apos;httpProxyConfig&apos;; nested exception is org.springframework.beans.factory.CannotLoadBeanClassException: Cannot find class [com.fisglobal.xpress.emea.sms.mblox.messaging.connector.http.HttpProxyConfig] for bean with name &apos;httpProxyConfig&apos; defined in class path resource [testContext.xml]; nested exception is java.lang.ClassNotFoundException: com.fisglobal.xpress.emea.sms.mblox.messaging.connector.http.HttpProxyConfig
	at org.springframework.beans.factory.support.BeanDefinitionValueResolver.resolveReference(BeanDefinitionValueResolver.java:326)
	at org.springframework.beans.factory.support.BeanDefinitionValueResolver.resolveValueIfNecessary(BeanDefinitionValueResolver.java:107)
	at org.springframework.beans.factory.support.AbstractAutowireCapableBeanFactory.applyPropertyValues(AbstractAutowireCapableBeanFactory.java:1417)
	at org.springframework.beans.factory.support.AbstractAutowireCapableBeanFactory.populateBean(AbstractAutowireCapableBeanFactory.java:1158)
	at org.springframework.beans.factory.support.AbstractAutowireCapableBeanFactory.doCreateBean(AbstractAutowireCapableBeanFactory.java:519)
	at org.springframework.beans.factory.support.AbstractAutowireCapableBeanFactory.createBean(AbstractAutowireCapableBeanFactory.java:458)
	at org.springframework.beans.factory.support.AbstractBeanFactory$1.getObject(AbstractBeanFactory.java:296)
	at org.springframework.beans.factory.support.DefaultSingletonBeanRegistry.getSingleton(DefaultSingletonBeanRegistry.java:223)
	at org.springframework.beans.factory.support.AbstractBeanFactory.doGetBean(AbstractBeanFactory.java:293)
	at org.springframework.beans.factory.support.AbstractBeanFactory.getBean(AbstractBeanFactory.java:194)
	at org.springframework.beans.factory.support.DefaultListableBeanFactory.preInstantiateSingletons(DefaultListableBeanFactory.java:628)
	at org.springframework.context.support.AbstractApplicationContext.finishBeanFactoryInitialization(AbstractApplicationContext.java:932)
	at org.springframework.context.support.AbstractApplicationContext.refresh(AbstractApplicationContext.java:479)
	at org.springframework.test.context.support.AbstractGenericContextLoader.loadContext(AbstractGenericContextLoader.java:120)
	at org.springframework.test.context.support.AbstractGenericContextLoader.loadContext(AbstractGenericContextLoader.java:60)
	at org.springframework.test.context.support.AbstractDelegatingSmartContextLoader.delegateLoading(AbstractDelegatingSmartContextLoader.java:100)
	at org.springframework.test.context.support.AbstractDelegatingSmartContextLoader.loadContext(AbstractDelegatingSmartContextLoader.java:248)
	at org.springframework.test.context.CacheAwareContextLoaderDelegate.loadContextInternal(CacheAwareContextLoaderDelegate.java:64)
	at org.springframework.test.context.CacheAwareContextLoaderDelegate.loadContext(CacheAwareContextLoaderDelegate.java:91)
	... 39 more
Caused by: org.springframework.beans.factory.BeanCreationException: Error creating bean with name &apos;mbloxHttpClient&apos; defined in class path resource [testContext.xml]: Cannot resolve reference to bean &apos;httpProxyConfig&apos; while setting bean property &apos;httpProxyConfig&apos;; nested exception is org.springframework.beans.factory.CannotLoadBeanClassException: Cannot find class [com.fisglobal.xpress.emea.sms.mblox.messaging.connector.http.HttpProxyConfig] for bean with name &apos;httpProxyConfig&apos; defined in class path resource [testContext.xml]; nested exception is java.lang.ClassNotFoundException: com.fisglobal.xpress.emea.sms.mblox.messaging.connector.http.HttpProxyConfig
	at org.springframework.beans.factory.support.BeanDefinitionValueResolver.resolveReference(BeanDefinitionValueResolver.java:326)
	at org.springframework.beans.factory.support.BeanDefinitionValueResolver.resolveValueIfNecessary(BeanDefinitionValueResolver.java:107)
	at org.springframework.beans.factory.support.AbstractAutowireCapableBeanFactory.applyPropertyValues(AbstractAutowireCapableBeanFactory.java:1417)
	at org.springframework.beans.factory.support.AbstractAutowireCapableBeanFactory.populateBean(AbstractAutowireCapableBeanFactory.java:1158)
	at org.springframework.beans.factory.support.AbstractAutowireCapableBeanFactory.doCreateBean(AbstractAutowireCapableBeanFactory.java:519)
	at org.springframework.beans.factory.support.AbstractAutowireCapableBeanFactory.createBean(AbstractAutowireCapableBeanFactory.java:458)
	at org.springframework.beans.factory.support.AbstractBeanFactory$1.getObject(AbstractBeanFactory.java:296)
	at org.springframework.beans.factory.support.DefaultSingletonBeanRegistry.getSingleton(DefaultSingletonBeanRegistry.java:223)
	at org.springframework.beans.factory.support.AbstractBeanFactory.doGetBean(AbstractBeanFactory.java:293)
	at org.springframework.beans.factory.support.AbstractBeanFactory.getBean(AbstractBeanFactory.java:194)
	at org.springframework.beans.factory.support.BeanDefinitionValueResolver.resolveReference(BeanDefinitionValueResolver.java:320)
	... 57 more
Caused by: org.springframework.beans.factory.CannotLoadBeanClassException: Cannot find class [com.fisglobal.xpress.emea.sms.mblox.messaging.connector.http.HttpProxyConfig] for bean with name &apos;httpProxyConfig&apos; defined in class path resource [testContext.xml]; nested exception is java.lang.ClassNotFoundException: com.fisglobal.xpress.emea.sms.mblox.messaging.connector.http.HttpProxyConfig
	at org.springframework.beans.factory.support.AbstractBeanFactory.resolveBeanClass(AbstractBeanFactory.java:1281)
	at org.springframework.beans.factory.support.AbstractAutowireCapableBeanFactory.createBean(AbstractAutowireCapableBeanFactory.java:435)
	at org.springframework.beans.factory.support.AbstractBeanFactory$1.getObject(AbstractBeanFactory.java:296)
	at org.springframework.beans.factory.support.DefaultSingletonBeanRegistry.getSingleton(DefaultSingletonBeanRegistry.java:223)
	at org.springframework.beans.factory.support.AbstractBeanFactory.doGetBean(AbstractBeanFactory.java:293)
	at org.springframework.beans.factory.support.AbstractBeanFactory.getBean(AbstractBeanFactory.java:194)
	at org.springframework.beans.factory.support.BeanDefinitionValueResolver.resolveReference(BeanDefinitionValueResolver.java:320)
	... 67 more
Caused by: java.lang.ClassNotFoundException: com.fisglobal.xpress.emea.sms.mblox.messaging.connector.http.HttpProxyConfig
	at java.net.URLClassLoader.findClass(URLClassLoader.java:381)
	at java.lang.ClassLoader.loadClass(ClassLoader.java:424)
	at sun.misc.Launcher$AppClassLoader.loadClass(Launcher.java:331)
	at java.lang.ClassLoader.loadClass(ClassLoader.java:357)
	at org.springframework.util.ClassUtils.forName(ClassUtils.java:257)
	at org.springframework.beans.factory.support.AbstractBeanDefinition.resolveBeanClass(AbstractBeanDefinition.java:416)
	at org.springframework.beans.factory.support.AbstractBeanFactory.doResolveBeanClass(AbstractBeanFactory.java:1302)
	at org.springframework.beans.factory.support.AbstractBeanFactory.resolveBeanClass(AbstractBeanFactory.java:1273)
	... 73 more
</system-out>
  </testcase>
  <testcase classname="com.fisglobal.xpress.emea.sms.mblox.messaging.connector.http.MbloxHttpClientTest" name="springTestContextBeforeTestMethod" time="0.844">
    <skipped/>
  </testcase>
  <testcase classname="com.fisglobal.xpress.emea.sms.mblox.messaging.connector.http.MbloxHttpClientTest" name="validateConfig" time="0.844">
    <skipped/>
  </testcase>
  <testcase classname="com.fisglobal.xpress.emea.sms.mblox.messaging.connector.http.MbloxHttpClientTest" name="testSendNotificationRequestString3" time="0">
    <skipped/>
  </testcase>
  <testcase classname="com.fisglobal.xpress.emea.sms.mblox.messaging.MbloxMessagingTest" name="springTestContextBeforeTestClass" time="0">
    <skipped/>
  </testcase>
  <testcase classname="com.fisglobal.xpress.emea.sms.mblox.messaging.MbloxMessagingTest" name="springTestContextPrepareTestInstance" time="0">
    <skipped/>
  </testcase>
  <testcase classname="com.fisglobal.xpress.emea.sms.mblox.messaging.MbloxMessagingTest" name="springTestContextBeforeTestMethod" time="0">
    <skipped/>
  </testcase>
  <testcase classname="com.fisglobal.xpress.emea.sms.mblox.messaging.MbloxMessagingTest" name="validateConfig" time="0">
    <skipped/>
  </testcase>
  <testcase classname="com.fisglobal.xpress.emea.sms.mblox.messaging.MbloxMessagingTest" name="sendNotification" time="0">
    <skipped/>
  </testcase>
  <testcase classname="com.fisglobal.xpress.emea.sms.mblox.notifications.NotificationRequestBuilderTest" name="asString_should_return_string_representation_of_request" time="0.009">
    <failure message="expected [abcdef] but found [abc&lt;![CDATA[d]]&gt;ef]" type="java.lang.AssertionError">java.lang.AssertionError: expected [abcdef] but found [abc&lt;![CDATA[d]]&gt;ef]
	at org.testng.Assert.fail(Assert.java:94)
	at org.testng.Assert.failNotEquals(Assert.java:494)
	at org.testng.Assert.assertEquals(Assert.java:123)
	at org.testng.Assert.assertEquals(Assert.java:176)
	at org.testng.Assert.assertEquals(Assert.java:186)
	at com.fisglobal.xpress.emea.sms.mblox.notifications.NotificationRequestBuilderTest.asString_should_return_string_representation_of_request(NotificationRequestBuilderTest.java:50)
</failure>
    <system-out>2015-10-16 15:20:12 DEBUG DirtiesContextTestExecutionListener:107 - After test method: context [[TestContext@6cd28fa7 testClass = MbloxMessagingTest, testInstance = com.fisglobal.xpress.emea.sms.mblox.messaging.MbloxMessagingTest@2758fe70, testMethod = sendNotification@MbloxMessagingTest, testException = [null], mergedContextConfiguration = [MergedContextConfiguration@614ca7df testClass = MbloxMessagingTest, locations = &apos;{classpath:testContext.xml}&apos;, classes = &apos;{}&apos;, contextInitializerClasses = &apos;[]&apos;, activeProfiles = &apos;{}&apos;, contextLoader = &apos;org.springframework.test.context.support.DelegatingSmartContextLoader&apos;, parent = [null]]]], class dirties context [false], class mode [null], method dirties context [false].
2015-10-16 15:20:12 DEBUG DirtiesContextTestExecutionListener:138 - After test class: context [[TestContext@6cd28fa7 testClass = MbloxMessagingTest, testInstance = [null], testMethod = [null], testException = [null], mergedContextConfiguration = [MergedContextConfiguration@614ca7df testClass = MbloxMessagingTest, locations = &apos;{classpath:testContext.xml}&apos;, classes = &apos;{}&apos;, contextInitializerClasses = &apos;[]&apos;, activeProfiles = &apos;{}&apos;, contextLoader = &apos;org.springframework.test.context.support.DelegatingSmartContextLoader&apos;, parent = [null]]]], dirtiesContext [false].
</system-out>
  </testcase>
  <testcase classname="com.fisglobal.xpress.emea.sms.mblox.notifications.NotificationRequestMarshallerTest" name="marshallToString_should_marshall_using_notification_request_details" time="0.018">
    <failure message="profileId is blank" type="java.lang.IllegalArgumentException">java.lang.IllegalArgumentException: profileId is blank
	at com.fisglobal.xpress.emea.mblox.NotificationRequestBuilder.withProfileId(NotificationRequestBuilder.java:58)
	at com.fisglobal.xpress.emea.mblox.NotificationRequestMarshaller.marshallToString(NotificationRequestMarshaller.java:34)
	at com.fisglobal.xpress.emea.sms.mblox.notifications.NotificationRequestMarshallerTest.marshallToString_should_marshall_using_notification_request_details(NotificationRequestMarshallerTest.java:62)
</failure>
  </testcase>
  <testcase classname="com.fisglobal.xpress.emea.sms.mblox.notifications.NotificationRequestResultMarshallerTest" name="unmarshallString_should_unmarshall_default_ok_result" time="0.092"/>
  <testcase classname="com.fisglobal.xpress.emea.sms.mblox.notifications.NotificationRequestResultMarshallerTest" name="unmarshallString_should_unmarshall_formatting_error_result" time="0.009">
    <failure type="java.lang.NullPointerException">java.lang.NullPointerException
	at com.fisglobal.xpress.emea.mblox.NotificationRequestResultDetails.equals(NotificationRequestResultDetails.java:117)
	at org.testng.Assert.assertEquals(Assert.java:119)
	at org.testng.Assert.assertEquals(Assert.java:165)
	at com.fisglobal.xpress.emea.sms.mblox.notifications.NotificationRequestResultMarshallerTest.unmarshallString_should_unmarshall_formatting_error_result(NotificationRequestResultMarshallerTest.java:119)
</failure>
    <system-out>2015-10-16 15:20:12 INFO  NotificationRequestResultMarshallerTest:113 - Testing notificationRequestResultXmlStr:
&lt;?xml version=&quot;1.0&quot; encoding=&quot;ISO-8859-1&quot; ?&gt;
&lt;NotificationRequestResult Version=&quot;3.5&quot;&gt;
    &lt;NotificationResultHeader&gt;
        &lt;PartnerName&gt;FISGlobalMFA&lt;/PartnerName&gt;
        &lt;PartnerRef&gt;&lt;/PartnerRef&gt;
        &lt;RequestResultCode&gt;3&lt;/RequestResultCode&gt;
        &lt;RequestResultText&gt;Incorrect+%3CPartnerName%3E+or+%3CPartnerPassword%3E+values&lt;/RequestResultText&gt;
    &lt;/NotificationResultHeader&gt;
&lt;/NotificationRequestResult&gt;
</system-out>
  </testcase>
  <testcase classname="com.fisglobal.xpress.emea.sms.mblox.notifications.NotificationRequestResultMarshallerTest" name="unmarshallString_should_unmarshall_malformed_error_result" time="0.006">
    <failure type="java.lang.NullPointerException">java.lang.NullPointerException
	at com.fisglobal.xpress.emea.mblox.NotificationRequestResultDetails.equals(NotificationRequestResultDetails.java:133)
	at org.testng.Assert.assertEquals(Assert.java:119)
	at org.testng.Assert.assertEquals(Assert.java:165)
	at com.fisglobal.xpress.emea.sms.mblox.notifications.NotificationRequestResultMarshallerTest.unmarshallString_should_unmarshall_malformed_error_result(NotificationRequestResultMarshallerTest.java:171)
</failure>
    <system-out>2015-10-16 15:20:12 INFO  NotificationRequestResultMarshallerTest:165 - Testing notificationRequestResultXmlStr:
&lt;?xml version=&quot;1.0&quot; encoding=&quot;ISO-8859-1&quot; ?&gt;
&lt;NotificationRequestResult Version=&quot;3.5&quot;&gt;
    &lt;NotificationResultHeader&gt;
        &lt;PartnerName&gt;FISGlobalMFA&lt;/PartnerName&gt;
        &lt;PartnerRef&gt;&lt;/PartnerRef&gt;
        &lt;RequestResultCode&gt;0&lt;/RequestResultCode&gt;
        &lt;RequestResultText&gt;OK&lt;/RequestResultText&gt;
    &lt;/NotificationResultHeader&gt;
    &lt;NotificationResultList&gt;
        &lt;NotificationResult SequenceNumber=&quot;1&quot;&gt;
            &lt;NotificationResultCode&gt;2&lt;/NotificationResultCode&gt;
            &lt;NotificationResultText&gt;invalid+Sequence+or+no+%3CMessage%3E+element&lt;/NotificationResultText&gt;
        &lt;/NotificationResult&gt;
    &lt;/NotificationResultList&gt;
&lt;/NotificationRequestResult&gt;
</system-out>
  </testcase>
  <testcase classname="com.fisglobal.xpress.emea.sms.mblox.notifications.NotificationRequestResultMarshallerTest" name="unmarshallString_should_unmarshall_retry" time="0.004">
    <failure type="java.lang.NullPointerException">java.lang.NullPointerException
	at com.fisglobal.xpress.emea.mblox.NotificationRequestResultDetails.equals(NotificationRequestResultDetails.java:117)
	at org.testng.Assert.assertEquals(Assert.java:119)
	at org.testng.Assert.assertEquals(Assert.java:165)
	at com.fisglobal.xpress.emea.sms.mblox.notifications.NotificationRequestResultMarshallerTest.unmarshallString_should_unmarshall_retry(NotificationRequestResultMarshallerTest.java:198)
</failure>
    <system-out>2015-10-16 15:20:12 INFO  NotificationRequestResultMarshallerTest:192 - Testing retryXmlStr:
&lt;Retry&gt;1&lt;/Retry&gt;
</system-out>
  </testcase>
  <testcase classname="com.fisglobal.xpress.emea.sms.NotificationServiceTest" name="springTestContextBeforeTestClass" time="0.004">
    <skipped/>
  </testcase>
  <testcase classname="com.fisglobal.xpress.emea.sms.NotificationServiceTest" name="springTestContextPrepareTestInstance" time="0.004">
    <skipped/>
  </testcase>
  <testcase classname="com.fisglobal.xpress.emea.sms.NotificationServiceTest" name="springTestContextBeforeTestMethod" time="0.004">
    <skipped/>
  </testcase>
  <testcase classname="com.fisglobal.xpress.emea.sms.NotificationServiceTest" name="SMSPriorityValidatorTest" time="0">
    <skipped/>
  </testcase>
  <testcase classname="com.fisglobal.xpress.emea.sms.NotificationServiceTest" name="springTestContextBeforeTestMethod" time="0.001">
    <skipped/>
  </testcase>
  <testcase classname="com.fisglobal.xpress.emea.sms.NotificationServiceTest" name="SMSRecipientNumberValidatorTest" time="0">
    <skipped/>
  </testcase>
  <testcase classname="com.fisglobal.xpress.emea.sms.NotificationServiceTest" name="springTestContextBeforeTestMethod" time="0.004">
    <skipped/>
  </testcase>
  <testcase classname="com.fisglobal.xpress.emea.sms.NotificationServiceTest" name="SMSSenderIDValidatorTest" time="0.001">
    <skipped/>
  </testcase>
  <testcase classname="com.fisglobal.xpress.emea.sms.NotificationServiceTest" name="springTestContextBeforeTestMethod" time="0.002">
    <skipped/>
  </testcase>
  <testcase classname="com.fisglobal.xpress.emea.sms.NotificationServiceTest" name="SMSTextLengthValidatorTest" time="0">
    <skipped/>
  </testcase>
  <testcase classname="com.fisglobal.xpress.emea.sms.NotificationServiceTest" name="springTestContextBeforeTestMethod" time="0">
    <skipped/>
  </testcase>
  <testcase classname="com.fisglobal.xpress.emea.sms.NotificationServiceTest" name="SMSTextValidatorTest" time="0.001">
    <skipped/>
  </testcase>
  <testcase classname="com.fisglobal.xpress.emea.sms.NotificationServiceTest" name="springTestContextBeforeTestMethod" time="0.001">
    <skipped/>
  </testcase>
  <testcase classname="com.fisglobal.xpress.emea.sms.NotificationServiceTest" name="ValidSMSValidatorTest" time="0">
    <skipped/>
  </testcase>
  <testcase classname="com.fisglobal.xpress.emea.sms.NotificationServiceTest" name="springTestContextBeforeTestMethod" time="0.001">
    <skipped/>
  </testcase>
  <testcase classname="com.fisglobal.xpress.emea.sms.NotificationServiceTest" name="ValidateSMSBlackOutTimeDayOverLapTest" time="0">
    <skipped/>
  </testcase>
  <testcase classname="com.fisglobal.xpress.emea.sms.NotificationServiceTest" name="springTestContextBeforeTestMethod" time="0">
    <skipped/>
  </testcase>
  <testcase classname="com.fisglobal.xpress.emea.sms.NotificationServiceTest" name="ValidateSMSBlackOutTimeTest" time="0">
    <skipped/>
  </testcase>
  <testcase classname="com.fisglobal.xpress.emea.sms.NotificationServiceTest" name="springTestContextBeforeTestMethod" time="0">
    <skipped/>
  </testcase>
  <testcase classname="com.fisglobal.xpress.emea.sms.NotificationServiceTest" name="ValidateSMSGlobalBlackOutTimeTest" time="0">
    <skipped/>
  </testcase>
</testsuite>