-------------------------------------------------------------------------------
Test set: TestSuite
-------------------------------------------------------------------------------
Tests run: 39, Failures: 6, Errors: 0, Skipped: 28, Time elapsed: 2.514 sec <<< FAILURE!
springTestContextPrepareTestInstance(com.fisglobal.xpress.emea.sms.mblox.messaging.connector.http.MbloxHttpClientTest)  Time elapsed: 0.843 sec  <<< FAILURE!
java.lang.IllegalStateException: Failed to load ApplicationContext
	at org.springframework.test.context.CacheAwareContextLoaderDelegate.loadContext(CacheAwareContextLoaderDelegate.java:99)
	at org.springframework.test.context.TestContext.getApplicationContext(TestContext.java:122)
	at org.springframework.test.context.support.DependencyInjectionTestExecutionListener.injectDependencies(DependencyInjectionTestExecutionListener.java:109)
	at org.springframework.test.context.support.DependencyInjectionTestExecutionListener.prepareTestInstance(DependencyInjectionTestExecutionListener.java:75)
	at org.springframework.test.context.TestContextManager.prepareTestInstance(TestContextManager.java:312)
	at org.springframework.test.context.testng.AbstractTestNGSpringContextTests.springTestContextPrepareTestInstance(AbstractTestNGSpringContextTests.java:130)
	at sun.reflect.NativeMethodAccessorImpl.invoke0(Native Method)
	at sun.reflect.NativeMethodAccessorImpl.invoke(NativeMethodAccessorImpl.java:62)
	at sun.reflect.DelegatingMethodAccessorImpl.invoke(DelegatingMethodAccessorImpl.java:43)
	at java.lang.reflect.Method.invoke(Method.java:497)
	at org.testng.internal.MethodInvocationHelper.invokeMethod(MethodInvocationHelper.java:84)
	at org.testng.internal.Invoker.invokeConfigurationMethod(Invoker.java:564)
	at org.testng.internal.Invoker.invokeConfigurations(Invoker.java:213)
	at org.testng.internal.Invoker.invokeConfigurations(Invoker.java:138)
	at org.testng.internal.TestMethodWorker.invokeBeforeClassMethods(TestMethodWorker.java:175)
	at org.testng.internal.TestMethodWorker.run(TestMethodWorker.java:107)
	at org.testng.TestRunner.privateRun(TestRunner.java:767)
	at org.testng.TestRunner.run(TestRunner.java:617)
	at org.testng.SuiteRunner.runTest(SuiteRunner.java:334)
	at org.testng.SuiteRunner.runSequentially(SuiteRunner.java:329)
	at org.testng.SuiteRunner.privateRun(SuiteRunner.java:291)
	at org.testng.SuiteRunner.run(SuiteRunner.java:240)
	at org.testng.SuiteRunnerWorker.runSuite(SuiteRunnerWorker.java:52)
	at org.testng.SuiteRunnerWorker.run(SuiteRunnerWorker.java:86)
	at org.testng.TestNG.runSuitesSequentially(TestNG.java:1224)
	at org.testng.TestNG.runSuitesLocally(TestNG.java:1149)
	at org.testng.TestNG.run(TestNG.java:1057)
	at org.apache.maven.surefire.testng.TestNGExecutor.run(TestNGExecutor.java:70)
	at org.apache.maven.surefire.testng.TestNGDirectoryTestSuite.executeMulti(TestNGDirectoryTestSuite.java:158)
	at org.apache.maven.surefire.testng.TestNGDirectoryTestSuite.execute(TestNGDirectoryTestSuite.java:98)
	at org.apache.maven.surefire.testng.TestNGProvider.invoke(TestNGProvider.java:111)
	at sun.reflect.NativeMethodAccessorImpl.invoke0(Native Method)
	at sun.reflect.NativeMethodAccessorImpl.invoke(NativeMethodAccessorImpl.java:62)
	at sun.reflect.DelegatingMethodAccessorImpl.invoke(DelegatingMethodAccessorImpl.java:43)
	at java.lang.reflect.Method.invoke(Method.java:497)
	at org.apache.maven.surefire.util.ReflectionUtils.invokeMethodWithArray(ReflectionUtils.java:164)
	at org.apache.maven.surefire.booter.ProviderFactory$ProviderProxy.invoke(ProviderFactory.java:110)
	at org.apache.maven.surefire.booter.SurefireStarter.invokeProvider(SurefireStarter.java:175)
	at org.apache.maven.surefire.booter.SurefireStarter.runSuitesInProcessWhenForked(SurefireStarter.java:107)
	at org.apache.maven.surefire.booter.ForkedBooter.main(ForkedBooter.java:68)
Caused by: org.springframework.beans.factory.BeanCreationException: Error creating bean with name 'baseMbloxConnector' defined in class path resource [testContext.xml]: Cannot resolve reference to bean 'mbloxHttpClient' while setting bean property 'mbloxClient'; nested exception is org.springframework.beans.factory.BeanCreationException: Error creating bean with name 'mbloxHttpClient' defined in class path resource [testContext.xml]: Cannot resolve reference to bean 'httpProxyConfig' while setting bean property 'httpProxyConfig'; nested exception is org.springframework.beans.factory.CannotLoadBeanClassException: Cannot find class [com.fisglobal.xpress.emea.sms.mblox.messaging.connector.http.HttpProxyConfig] for bean with name 'httpProxyConfig' defined in class path resource [testContext.xml]; nested exception is java.lang.ClassNotFoundException: com.fisglobal.xpress.emea.sms.mblox.messaging.connector.http.HttpProxyConfig
	at org.springframework.beans.factory.support.BeanDefinitionValueResolver.resolveReference(BeanDefinitionValueResolver.java:326)
	at org.springframework.beans.factory.support.BeanDefinitionValueResolver.resolveValueIfNecessary(BeanDefinitionValueResolver.java:107)
	at org.springframework.beans.factory.support.AbstractAutowireCapableBeanFactory.applyPropertyValues(AbstractAutowireCapableBeanFactory.java:1417)
	at org.springframework.beans.factory.support.AbstractAutowireCapableBeanFactory.populateBean(AbstractAutowireCapableBeanFactory.java:1158)
	at org.springframework.beans.factory.support.AbstractAutowireCapableBeanFactory.doCreateBean(AbstractAutowireCapableBeanFactory.java:519)
	at org.springframework.beans.factory.support.AbstractAutowireCapableBeanFactory.createBean(AbstractAutowireCapableBeanFactory.java:458)
	at org.springframework.beans.factory.support.AbstractBeanFactory$1.getObject(AbstractBeanFactory.java:296)
	at org.springframework.beans.factory.support.DefaultSingletonBeanRegistry.getSingleton(DefaultSingletonBeanRegistry.java:223)
	at org.springframework.beans.factory.support.AbstractBeanFactory.doGetBean(AbstractBeanFactory.java:293)
	at org.springframework.beans.factory.support.AbstractBeanFactory.getBean(AbstractBeanFactory.java:194)
	at org.springframework.beans.factory.support.DefaultListableBeanFactory.preInstantiateSingletons(DefaultListableBeanFactory.java:628)
	at org.springframework.context.support.AbstractApplicationContext.finishBeanFactoryInitialization(AbstractApplicationContext.java:932)
	at org.springframework.context.support.AbstractApplicationContext.refresh(AbstractApplicationContext.java:479)
	at org.springframework.test.context.support.AbstractGenericContextLoader.loadContext(AbstractGenericContextLoader.java:120)
	at org.springframework.test.context.support.AbstractGenericContextLoader.loadContext(AbstractGenericContextLoader.java:60)
	at org.springframework.test.context.support.AbstractDelegatingSmartContextLoader.delegateLoading(AbstractDelegatingSmartContextLoader.java:100)
	at org.springframework.test.context.support.AbstractDelegatingSmartContextLoader.loadContext(AbstractDelegatingSmartContextLoader.java:248)
	at org.springframework.test.context.CacheAwareContextLoaderDelegate.loadContextInternal(CacheAwareContextLoaderDelegate.java:64)
	at org.springframework.test.context.CacheAwareContextLoaderDelegate.loadContext(CacheAwareContextLoaderDelegate.java:91)
	... 39 more
Caused by: org.springframework.beans.factory.BeanCreationException: Error creating bean with name 'mbloxHttpClient' defined in class path resource [testContext.xml]: Cannot resolve reference to bean 'httpProxyConfig' while setting bean property 'httpProxyConfig'; nested exception is org.springframework.beans.factory.CannotLoadBeanClassException: Cannot find class [com.fisglobal.xpress.emea.sms.mblox.messaging.connector.http.HttpProxyConfig] for bean with name 'httpProxyConfig' defined in class path resource [testContext.xml]; nested exception is java.lang.ClassNotFoundException: com.fisglobal.xpress.emea.sms.mblox.messaging.connector.http.HttpProxyConfig
	at org.springframework.beans.factory.support.BeanDefinitionValueResolver.resolveReference(BeanDefinitionValueResolver.java:326)
	at org.springframework.beans.factory.support.BeanDefinitionValueResolver.resolveValueIfNecessary(BeanDefinitionValueResolver.java:107)
	at org.springframework.beans.factory.support.AbstractAutowireCapableBeanFactory.applyPropertyValues(AbstractAutowireCapableBeanFactory.java:1417)
	at org.springframework.beans.factory.support.AbstractAutowireCapableBeanFactory.populateBean(AbstractAutowireCapableBeanFactory.java:1158)
	at org.springframework.beans.factory.support.AbstractAutowireCapableBeanFactory.doCreateBean(AbstractAutowireCapableBeanFactory.java:519)
	at org.springframework.beans.factory.support.AbstractAutowireCapableBeanFactory.createBean(AbstractAutowireCapableBeanFactory.java:458)
	at org.springframework.beans.factory.support.AbstractBeanFactory$1.getObject(AbstractBeanFactory.java:296)
	at org.springframework.beans.factory.support.DefaultSingletonBeanRegistry.getSingleton(DefaultSingletonBeanRegistry.java:223)
	at org.springframework.beans.factory.support.AbstractBeanFactory.doGetBean(AbstractBeanFactory.java:293)
	at org.springframework.beans.factory.support.AbstractBeanFactory.getBean(AbstractBeanFactory.java:194)
	at org.springframework.beans.factory.support.BeanDefinitionValueResolver.resolveReference(BeanDefinitionValueResolver.java:320)
	... 57 more
Caused by: org.springframework.beans.factory.CannotLoadBeanClassException: Cannot find class [com.fisglobal.xpress.emea.sms.mblox.messaging.connector.http.HttpProxyConfig] for bean with name 'httpProxyConfig' defined in class path resource [testContext.xml]; nested exception is java.lang.ClassNotFoundException: com.fisglobal.xpress.emea.sms.mblox.messaging.connector.http.HttpProxyConfig
	at org.springframework.beans.factory.support.AbstractBeanFactory.resolveBeanClass(AbstractBeanFactory.java:1281)
	at org.springframework.beans.factory.support.AbstractAutowireCapableBeanFactory.createBean(AbstractAutowireCapableBeanFactory.java:435)
	at org.springframework.beans.factory.support.AbstractBeanFactory$1.getObject(AbstractBeanFactory.java:296)
	at org.springframework.beans.factory.support.DefaultSingletonBeanRegistry.getSingleton(DefaultSingletonBeanRegistry.java:223)
	at org.springframework.beans.factory.support.AbstractBeanFactory.doGetBean(AbstractBeanFactory.java:293)
	at org.springframework.beans.factory.support.AbstractBeanFactory.getBean(AbstractBeanFactory.java:194)
	at org.springframework.beans.factory.support.BeanDefinitionValueResolver.resolveReference(BeanDefinitionValueResolver.java:320)
	... 67 more
Caused by: java.lang.ClassNotFoundException: com.fisglobal.xpress.emea.sms.mblox.messaging.connector.http.HttpProxyConfig
	at java.net.URLClassLoader.findClass(URLClassLoader.java:381)
	at java.lang.ClassLoader.loadClass(ClassLoader.java:424)
	at sun.misc.Launcher$AppClassLoader.loadClass(Launcher.java:331)
	at java.lang.ClassLoader.loadClass(ClassLoader.java:357)
	at org.springframework.util.ClassUtils.forName(ClassUtils.java:257)
	at org.springframework.beans.factory.support.AbstractBeanDefinition.resolveBeanClass(AbstractBeanDefinition.java:416)
	at org.springframework.beans.factory.support.AbstractBeanFactory.doResolveBeanClass(AbstractBeanFactory.java:1302)
	at org.springframework.beans.factory.support.AbstractBeanFactory.resolveBeanClass(AbstractBeanFactory.java:1273)
	... 73 more
Caused by: org.springframework.beans.factory.BeanCreationException: Error creating bean with name 'baseMbloxConnector' defined in class path resource [testContext.xml]: Cannot resolve reference to bean 'mbloxHttpClient' while setting bean property 'mbloxClient'; nested exception is org.springframework.beans.factory.BeanCreationException: Error creating bean with name 'mbloxHttpClient' defined in class path resource [testContext.xml]: Cannot resolve reference to bean 'httpProxyConfig' while setting bean property 'httpProxyConfig'; nested exception is org.springframework.beans.factory.CannotLoadBeanClassException: Cannot find class [com.fisglobal.xpress.emea.sms.mblox.messaging.connector.http.HttpProxyConfig] for bean with name 'httpProxyConfig' defined in class path resource [testContext.xml]; nested exception is java.lang.ClassNotFoundException: com.fisglobal.xpress.emea.sms.mblox.messaging.connector.http.HttpProxyConfig
	at org.springframework.beans.factory.support.BeanDefinitionValueResolver.resolveReference(BeanDefinitionValueResolver.java:326)
	at org.springframework.beans.factory.support.BeanDefinitionValueResolver.resolveValueIfNecessary(BeanDefinitionValueResolver.java:107)
	at org.springframework.beans.factory.support.AbstractAutowireCapableBeanFactory.applyPropertyValues(AbstractAutowireCapableBeanFactory.java:1417)
	at org.springframework.beans.factory.support.AbstractAutowireCapableBeanFactory.populateBean(AbstractAutowireCapableBeanFactory.java:1158)
	at org.springframework.beans.factory.support.AbstractAutowireCapableBeanFactory.doCreateBean(AbstractAutowireCapableBeanFactory.java:519)
	at org.springframework.beans.factory.support.AbstractAutowireCapableBeanFactory.createBean(AbstractAutowireCapableBeanFactory.java:458)
	at org.springframework.beans.factory.support.AbstractBeanFactory$1.getObject(AbstractBeanFactory.java:296)
	at org.springframework.beans.factory.support.DefaultSingletonBeanRegistry.getSingleton(DefaultSingletonBeanRegistry.java:223)
	at org.springframework.beans.factory.support.AbstractBeanFactory.doGetBean(AbstractBeanFactory.java:293)
	at org.springframework.beans.factory.support.AbstractBeanFactory.getBean(AbstractBeanFactory.java:194)
	at org.springframework.beans.factory.support.DefaultListableBeanFactory.preInstantiateSingletons(DefaultListableBeanFactory.java:628)
	at org.springframework.context.support.AbstractApplicationContext.finishBeanFactoryInitialization(AbstractApplicationContext.java:932)
	at org.springframework.context.support.AbstractApplicationContext.refresh(AbstractApplicationContext.java:479)
	at org.springframework.test.context.support.AbstractGenericContextLoader.loadContext(AbstractGenericContextLoader.java:120)
	at org.springframework.test.context.support.AbstractGenericContextLoader.loadContext(AbstractGenericContextLoader.java:60)
	at org.springframework.test.context.support.AbstractDelegatingSmartContextLoader.delegateLoading(AbstractDelegatingSmartContextLoader.java:100)
	at org.springframework.test.context.support.AbstractDelegatingSmartContextLoader.loadContext(AbstractDelegatingSmartContextLoader.java:248)
	at org.springframework.test.context.CacheAwareContextLoaderDelegate.loadContextInternal(CacheAwareContextLoaderDelegate.java:64)
	at org.springframework.test.context.CacheAwareContextLoaderDelegate.loadContext(CacheAwareContextLoaderDelegate.java:91)
	... 39 more
Caused by: org.springframework.beans.factory.BeanCreationException: Error creating bean with name 'mbloxHttpClient' defined in class path resource [testContext.xml]: Cannot resolve reference to bean 'httpProxyConfig' while setting bean property 'httpProxyConfig'; nested exception is org.springframework.beans.factory.CannotLoadBeanClassException: Cannot find class [com.fisglobal.xpress.emea.sms.mblox.messaging.connector.http.HttpProxyConfig] for bean with name 'httpProxyConfig' defined in class path resource [testContext.xml]; nested exception is java.lang.ClassNotFoundException: com.fisglobal.xpress.emea.sms.mblox.messaging.connector.http.HttpProxyConfig
	at org.springframework.beans.factory.support.BeanDefinitionValueResolver.resolveReference(BeanDefinitionValueResolver.java:326)
	at org.springframework.beans.factory.support.BeanDefinitionValueResolver.resolveValueIfNecessary(BeanDefinitionValueResolver.java:107)
	at org.springframework.beans.factory.support.AbstractAutowireCapableBeanFactory.applyPropertyValues(AbstractAutowireCapableBeanFactory.java:1417)
	at org.springframework.beans.factory.support.AbstractAutowireCapableBeanFactory.populateBean(AbstractAutowireCapableBeanFactory.java:1158)
	at org.springframework.beans.factory.support.AbstractAutowireCapableBeanFactory.doCreateBean(AbstractAutowireCapableBeanFactory.java:519)
	at org.springframework.beans.factory.support.AbstractAutowireCapableBeanFactory.createBean(AbstractAutowireCapableBeanFactory.java:458)
	at org.springframework.beans.factory.support.AbstractBeanFactory$1.getObject(AbstractBeanFactory.java:296)
	at org.springframework.beans.factory.support.DefaultSingletonBeanRegistry.getSingleton(DefaultSingletonBeanRegistry.java:223)
	at org.springframework.beans.factory.support.AbstractBeanFactory.doGetBean(AbstractBeanFactory.java:293)
	at org.springframework.beans.factory.support.AbstractBeanFactory.getBean(AbstractBeanFactory.java:194)
	at org.springframework.beans.factory.support.BeanDefinitionValueResolver.resolveReference(BeanDefinitionValueResolver.java:320)
	... 57 more
Caused by: org.springframework.beans.factory.CannotLoadBeanClassException: Cannot find class [com.fisglobal.xpress.emea.sms.mblox.messaging.connector.http.HttpProxyConfig] for bean with name 'httpProxyConfig' defined in class path resource [testContext.xml]; nested exception is java.lang.ClassNotFoundException: com.fisglobal.xpress.emea.sms.mblox.messaging.connector.http.HttpProxyConfig
	at org.springframework.beans.factory.support.AbstractBeanFactory.resolveBeanClass(AbstractBeanFactory.java:1281)
	at org.springframework.beans.factory.support.AbstractAutowireCapableBeanFactory.createBean(AbstractAutowireCapableBeanFactory.java:435)
	at org.springframework.beans.factory.support.AbstractBeanFactory$1.getObject(AbstractBeanFactory.java:296)
	at org.springframework.beans.factory.support.DefaultSingletonBeanRegistry.getSingleton(DefaultSingletonBeanRegistry.java:223)
	at org.springframework.beans.factory.support.AbstractBeanFactory.doGetBean(AbstractBeanFactory.java:293)
	at org.springframework.beans.factory.support.AbstractBeanFactory.getBean(AbstractBeanFactory.java:194)
	at org.springframework.beans.factory.support.BeanDefinitionValueResolver.resolveReference(BeanDefinitionValueResolver.java:320)
	... 67 more
Caused by: java.lang.ClassNotFoundException: com.fisglobal.xpress.emea.sms.mblox.messaging.connector.http.HttpProxyConfig
	at java.net.URLClassLoader.findClass(URLClassLoader.java:381)
	at java.lang.ClassLoader.loadClass(ClassLoader.java:424)
	at sun.misc.Launcher$AppClassLoader.loadClass(Launcher.java:331)
	at java.lang.ClassLoader.loadClass(ClassLoader.java:357)
	at org.springframework.util.ClassUtils.forName(ClassUtils.java:257)
	at org.springframework.beans.factory.support.AbstractBeanDefinition.resolveBeanClass(AbstractBeanDefinition.java:416)
	at org.springframework.beans.factory.support.AbstractBeanFactory.doResolveBeanClass(AbstractBeanFactory.java:1302)
	at org.springframework.beans.factory.support.AbstractBeanFactory.resolveBeanClass(AbstractBeanFactory.java:1273)
	... 73 more
asString_should_return_string_representation_of_request(com.fisglobal.xpress.emea.sms.mblox.notifications.NotificationRequestBuilderTest)  Time elapsed: 0.009 sec  <<< FAILURE!
java.lang.AssertionError: expected [abcdef] but found [abc<![CDATA[d]]>ef]
	at org.testng.Assert.fail(Assert.java:94)
	at org.testng.Assert.failNotEquals(Assert.java:494)
	at org.testng.Assert.assertEquals(Assert.java:123)
	at org.testng.Assert.assertEquals(Assert.java:176)
	at org.testng.Assert.assertEquals(Assert.java:186)
	at com.fisglobal.xpress.emea.sms.mblox.notifications.NotificationRequestBuilderTest.asString_should_return_string_representation_of_request(NotificationRequestBuilderTest.java:50)
marshallToString_should_marshall_using_notification_request_details(com.fisglobal.xpress.emea.sms.mblox.notifications.NotificationRequestMarshallerTest)  Time elapsed: 0.018 sec  <<< FAILURE!
java.lang.IllegalArgumentException: profileId is blank
	at com.fisglobal.xpress.emea.mblox.NotificationRequestBuilder.withProfileId(NotificationRequestBuilder.java:58)
	at com.fisglobal.xpress.emea.mblox.NotificationRequestMarshaller.marshallToString(NotificationRequestMarshaller.java:34)
	at com.fisglobal.xpress.emea.sms.mblox.notifications.NotificationRequestMarshallerTest.marshallToString_should_marshall_using_notification_request_details(NotificationRequestMarshallerTest.java:62)
unmarshallString_should_unmarshall_formatting_error_result(com.fisglobal.xpress.emea.sms.mblox.notifications.NotificationRequestResultMarshallerTest)  Time elapsed: 0.009 sec  <<< FAILURE!
java.lang.NullPointerException
	at com.fisglobal.xpress.emea.mblox.NotificationRequestResultDetails.equals(NotificationRequestResultDetails.java:117)
	at org.testng.Assert.assertEquals(Assert.java:119)
	at org.testng.Assert.assertEquals(Assert.java:165)
	at com.fisglobal.xpress.emea.sms.mblox.notifications.NotificationRequestResultMarshallerTest.unmarshallString_should_unmarshall_formatting_error_result(NotificationRequestResultMarshallerTest.java:119)
unmarshallString_should_unmarshall_malformed_error_result(com.fisglobal.xpress.emea.sms.mblox.notifications.NotificationRequestResultMarshallerTest)  Time elapsed: 0.006 sec  <<< FAILURE!
java.lang.NullPointerException
	at com.fisglobal.xpress.emea.mblox.NotificationRequestResultDetails.equals(NotificationRequestResultDetails.java:133)
	at org.testng.Assert.assertEquals(Assert.java:119)
	at org.testng.Assert.assertEquals(Assert.java:165)
	at com.fisglobal.xpress.emea.sms.mblox.notifications.NotificationRequestResultMarshallerTest.unmarshallString_should_unmarshall_malformed_error_result(NotificationRequestResultMarshallerTest.java:171)
unmarshallString_should_unmarshall_retry(com.fisglobal.xpress.emea.sms.mblox.notifications.NotificationRequestResultMarshallerTest)  Time elapsed: 0.004 sec  <<< FAILURE!
java.lang.NullPointerException
	at com.fisglobal.xpress.emea.mblox.NotificationRequestResultDetails.equals(NotificationRequestResultDetails.java:117)
	at org.testng.Assert.assertEquals(Assert.java:119)
	at org.testng.Assert.assertEquals(Assert.java:165)
	at com.fisglobal.xpress.emea.sms.mblox.notifications.NotificationRequestResultMarshallerTest.unmarshallString_should_unmarshall_retry(NotificationRequestResultMarshallerTest.java:198)
