<?xml version="1.0" encoding="UTF-8"?>
<!-- Generated by org.testng.reporters.JUnitXMLReporter -->
<testsuite hostname="AMSCNT0197" name="Command line test" tests="21" failures="5" timestamp="16 Oct 2015 13:20:12 GMT" time="1.268" errors="0">
  <testcase name="@BeforeClass springTestContextPrepareTestInstance" time="0.0" classname="com.fisglobal.xpress.emea.sms.mblox.messaging.connector.http.MbloxHttpClientTest">
    <failure type="java.lang.IllegalStateException" message="Failed to load ApplicationContext">
      <![CDATA[java.lang.IllegalStateException: Failed to load ApplicationContext
	at org.springframework.test.context.CacheAwareContextLoaderDelegate.loadContext(CacheAwareContextLoaderDelegate.java:99)
	at org.springframework.test.context.TestContext.getApplicationContext(TestContext.java:122)
	at org.springframework.test.context.support.DependencyInjectionTestExecutionListener.injectDependencies(DependencyInjectionTestExecutionListener.java:109)
	at org.springframework.test.context.support.DependencyInjectionTestExecutionListener.prepareTestInstance(DependencyInjectionTestExecutionListener.java:75)
	at org.springframework.test.context.TestContextManager.prepareTestInstance(TestContextManager.java:312)
	at org.springframework.test.context.testng.AbstractTestNGSpringContextTests.springTestContextPrepareTestInstance(AbstractTestNGSpringContextTests.java:130)
Caused by: org.springframework.beans.factory.BeanCreationException: Error creating bean with name 'baseMbloxConnector' defined in class path resource [testContext.xml]: Cannot resolve reference to bean 'mbloxHttpClient' while setting bean property 'mbloxClient'; nested exception is org.springframework.beans.factory.BeanCreationException: Error creating bean with name 'mbloxHttpClient' defined in class path resource [testContext.xml]: Cannot resolve reference to bean 'httpProxyConfig' while setting bean property 'httpProxyConfig'; nested exception is org.springframework.beans.factory.CannotLoadBeanClassException: Cannot find class [com.fisglobal.xpress.emea.sms.mblox.messaging.connector.http.HttpProxyConfig] for bean with name 'httpProxyConfig' defined in class path resource [testContext.xml]; nested exception is java.lang.ClassNotFoundException: com.fisglobal.xpress.emea.sms.mblox.messaging.connector.http.HttpProxyConfig
	at org.springframework.beans.factory.support.BeanDefinitionValueResolver.resolveReference(BeanDefinitionValueResolver.java:326)
	at org.springframework.beans.factory.support.BeanDefinitionValueResolver.resolveValueIfNecessary(BeanDefinitionValueResolver.java:107)
	at org.springframework.beans.factory.support.AbstractAutowireCapableBeanFactory.applyPropertyValues(AbstractAutowireCapableBeanFactory.java:1417)
	at org.springframework.beans.factory.support.AbstractAutowireCapableBeanFactory.populateBean(AbstractAutowireCapableBeanFactory.java:1158)
	at org.springframework.beans.factory.support.AbstractAutowireCapableBeanFactory.doCreateBean(AbstractAutowireCapableBeanFactory.java:519)
	at org.springframework.beans.factory.support.AbstractAutowireCapableBeanFactory.createBean(AbstractAutowireCapableBeanFactory.java:458)
	at org.springframework.beans.factory.support.AbstractBeanFactory$1.getObject(AbstractBeanFactory.java:296)
	at org.springframework.beans.factory.support.DefaultSingletonBeanRegistry.getSingleton(DefaultSingletonBeanRegistry.java:223)
	at org.springframework.beans.factory.support.AbstractBeanFactory.doGetBean(AbstractBeanFactory.java:293)
	at org.springframework.beans.factory.support.AbstractBeanFactory.getBean(AbstractBeanFactory.java:194)
	at org.springframework.beans.factory.support.DefaultListableBeanFactory.preInstantiateSingletons(DefaultListableBeanFactory.java:628)
	at org.springframework.context.support.AbstractApplicationContext.finishBeanFactoryInitialization(AbstractApplicationContext.java:932)
	at org.springframework.context.support.AbstractApplicationContext.refresh(AbstractApplicationContext.java:479)
	at org.springframework.test.context.support.AbstractGenericContextLoader.loadContext(AbstractGenericContextLoader.java:120)
	at org.springframework.test.context.support.AbstractGenericContextLoader.loadContext(AbstractGenericContextLoader.java:60)
	at org.springframework.test.context.support.AbstractDelegatingSmartContextLoader.delegateLoading(AbstractDelegatingSmartContextLoader.java:100)
	at org.springframework.test.context.support.AbstractDelegatingSmartContextLoader.loadContext(AbstractDelegatingSmartContextLoader.java:248)
	at org.springframework.test.context.CacheAwareContextLoaderDelegate.loadContextInternal(CacheAwareContextLoaderDelegate.java:64)
	at org.springframework.test.context.CacheAwareContextLoaderDelegate.loadContext(CacheAwareContextLoaderDelegate.java:91)
	... 39 more
Caused by: org.springframework.beans.factory.BeanCreationException: Error creating bean with name 'mbloxHttpClient' defined in class path resource [testContext.xml]: Cannot resolve reference to bean 'httpProxyConfig' while setting bean property 'httpProxyConfig'; nested exception is org.springframework.beans.factory.CannotLoadBeanClassException: Cannot find class [com.fisglobal.xpress.emea.sms.mblox.messaging.connector.http.HttpProxyConfig] for bean with name 'httpProxyConfig' defined in class path resource [testContext.xml]; nested exception is java.lang.ClassNotFoundException: com.fisglobal.xpress.emea.sms.mblox.messaging.connector.http.HttpProxyConfig
	at org.springframework.beans.factory.support.BeanDefinitionValueResolver.resolveReference(BeanDefinitionValueResolver.java:326)
	at org.springframework.beans.factory.support.BeanDefinitionValueResolver.resolveValueIfNecessary(BeanDefinitionValueResolver.java:107)
	at org.springframework.beans.factory.support.AbstractAutowireCapableBeanFactory.applyPropertyValues(AbstractAutowireCapableBeanFactory.java:1417)
	at org.springframework.beans.factory.support.AbstractAutowireCapableBeanFactory.populateBean(AbstractAutowireCapableBeanFactory.java:1158)
	at org.springframework.beans.factory.support.AbstractAutowireCapableBeanFactory.doCreateBean(AbstractAutowireCapableBeanFactory.java:519)
	at org.springframework.beans.factory.support.AbstractAutowireCapableBeanFactory.createBean(AbstractAutowireCapableBeanFactory.java:458)
	at org.springframework.beans.factory.support.AbstractBeanFactory$1.getObject(AbstractBeanFactory.java:296)
	at org.springframework.beans.factory.support.DefaultSingletonBeanRegistry.getSingleton(DefaultSingletonBeanRegistry.java:223)
	at org.springframework.beans.factory.support.AbstractBeanFactory.doGetBean(AbstractBeanFactory.java:293)
	at org.springframework.beans.factory.support.AbstractBeanFactory.getBean(AbstractBeanFactory.java:194)
	at org.springframework.beans.factory.support.BeanDefinitionValueResolver.resolveReference(BeanDefinitionValueResolver.java:320)
	... 57 more
Caused by: org.springframework.beans.factory.CannotLoadBeanClassException: Cannot find class [com.fisglobal.xpress.emea.sms.mblox.messaging.connector.http.HttpProxyConfig] for bean with name 'httpProxyConfig' defined in class path resource [testContext.xml]; nested exception is java.lang.ClassNotFoundException: com.fisglobal.xpress.emea.sms.mblox.messaging.connector.http.HttpProxyConfig
	at org.springframework.beans.factory.support.AbstractBeanFactory.resolveBeanClass(AbstractBeanFactory.java:1281)
	at org.springframework.beans.factory.support.AbstractAutowireCapableBeanFactory.createBean(AbstractAutowireCapableBeanFactory.java:435)
	at org.springframework.beans.factory.support.AbstractBeanFactory$1.getObject(AbstractBeanFactory.java:296)
	at org.springframework.beans.factory.support.DefaultSingletonBeanRegistry.getSingleton(DefaultSingletonBeanRegistry.java:223)
	at org.springframework.beans.factory.support.AbstractBeanFactory.doGetBean(AbstractBeanFactory.java:293)
	at org.springframework.beans.factory.support.AbstractBeanFactory.getBean(AbstractBeanFactory.java:194)
	at org.springframework.beans.factory.support.BeanDefinitionValueResolver.resolveReference(BeanDefinitionValueResolver.java:320)
	... 67 more
Caused by: java.lang.ClassNotFoundException: com.fisglobal.xpress.emea.sms.mblox.messaging.connector.http.HttpProxyConfig
	at java.net.URLClassLoader.findClass(URLClassLoader.java:381)
	at java.lang.ClassLoader.loadClass(ClassLoader.java:424)
	at sun.misc.Launcher$AppClassLoader.loadClass(Launcher.java:331)
	at java.lang.ClassLoader.loadClass(ClassLoader.java:357)
	at org.springframework.util.ClassUtils.forName(ClassUtils.java:257)
	at org.springframework.beans.factory.support.AbstractBeanDefinition.resolveBeanClass(AbstractBeanDefinition.java:416)
	at org.springframework.beans.factory.support.AbstractBeanFactory.doResolveBeanClass(AbstractBeanFactory.java:1302)
	at org.springframework.beans.factory.support.AbstractBeanFactory.resolveBeanClass(AbstractBeanFactory.java:1273)
	... 73 more
... Removed 34 stack frames]]>
    </failure>
  </testcase> <!-- @BeforeClass springTestContextPrepareTestInstance -->
  <testcase name="@BeforeMethod springTestContextBeforeTestMethod" time="0.0" classname="com.fisglobal.xpress.emea.sms.mblox.messaging.connector.http.MbloxHttpClientTest">
    <skipped/>
  </testcase> <!-- @BeforeMethod springTestContextBeforeTestMethod -->
  <testcase name="@BeforeMethod validateConfig" time="0.0" classname="com.fisglobal.xpress.emea.sms.mblox.messaging.connector.http.MbloxHttpClientTest">
    <skipped/>
  </testcase> <!-- @BeforeMethod validateConfig -->
  <testcase name="@BeforeClass springTestContextBeforeTestClass" time="0.0" classname="com.fisglobal.xpress.emea.sms.mblox.messaging.MbloxMessagingTest">
    <skipped/>
  </testcase> <!-- @BeforeClass springTestContextBeforeTestClass -->
  <testcase name="@BeforeClass springTestContextPrepareTestInstance" time="0.0" classname="com.fisglobal.xpress.emea.sms.mblox.messaging.MbloxMessagingTest">
    <skipped/>
  </testcase> <!-- @BeforeClass springTestContextPrepareTestInstance -->
  <testcase name="@BeforeMethod springTestContextBeforeTestMethod" time="0.0" classname="com.fisglobal.xpress.emea.sms.mblox.messaging.MbloxMessagingTest">
    <skipped/>
  </testcase> <!-- @BeforeMethod springTestContextBeforeTestMethod -->
  <testcase name="@BeforeMethod validateConfig" time="0.0" classname="com.fisglobal.xpress.emea.sms.mblox.messaging.MbloxMessagingTest">
    <skipped/>
  </testcase> <!-- @BeforeMethod validateConfig -->
  <testcase name="@BeforeClass springTestContextBeforeTestClass" time="0.0" classname="com.fisglobal.xpress.emea.sms.NotificationServiceTest">
    <skipped/>
  </testcase> <!-- @BeforeClass springTestContextBeforeTestClass -->
  <testcase name="@BeforeClass springTestContextPrepareTestInstance" time="0.0" classname="com.fisglobal.xpress.emea.sms.NotificationServiceTest">
    <skipped/>
  </testcase> <!-- @BeforeClass springTestContextPrepareTestInstance -->
  <testcase name="@BeforeMethod springTestContextBeforeTestMethod" time="0.0" classname="com.fisglobal.xpress.emea.sms.NotificationServiceTest">
    <skipped/>
  </testcase> <!-- @BeforeMethod springTestContextBeforeTestMethod -->
  <testcase name="@BeforeMethod springTestContextBeforeTestMethod" time="0.0" classname="com.fisglobal.xpress.emea.sms.NotificationServiceTest">
    <skipped/>
  </testcase> <!-- @BeforeMethod springTestContextBeforeTestMethod -->
  <testcase name="@BeforeMethod springTestContextBeforeTestMethod" time="0.0" classname="com.fisglobal.xpress.emea.sms.NotificationServiceTest">
    <skipped/>
  </testcase> <!-- @BeforeMethod springTestContextBeforeTestMethod -->
  <testcase name="@BeforeMethod springTestContextBeforeTestMethod" time="0.0" classname="com.fisglobal.xpress.emea.sms.NotificationServiceTest">
    <skipped/>
  </testcase> <!-- @BeforeMethod springTestContextBeforeTestMethod -->
  <testcase name="@BeforeMethod springTestContextBeforeTestMethod" time="0.0" classname="com.fisglobal.xpress.emea.sms.NotificationServiceTest">
    <skipped/>
  </testcase> <!-- @BeforeMethod springTestContextBeforeTestMethod -->
  <testcase name="@BeforeMethod springTestContextBeforeTestMethod" time="0.0" classname="com.fisglobal.xpress.emea.sms.NotificationServiceTest">
    <skipped/>
  </testcase> <!-- @BeforeMethod springTestContextBeforeTestMethod -->
  <testcase name="@BeforeMethod springTestContextBeforeTestMethod" time="0.0" classname="com.fisglobal.xpress.emea.sms.NotificationServiceTest">
    <skipped/>
  </testcase> <!-- @BeforeMethod springTestContextBeforeTestMethod -->
  <testcase name="@BeforeMethod springTestContextBeforeTestMethod" time="0.0" classname="com.fisglobal.xpress.emea.sms.NotificationServiceTest">
    <skipped/>
  </testcase> <!-- @BeforeMethod springTestContextBeforeTestMethod -->
  <testcase name="@BeforeMethod springTestContextBeforeTestMethod" time="0.0" classname="com.fisglobal.xpress.emea.sms.NotificationServiceTest">
    <skipped/>
  </testcase> <!-- @BeforeMethod springTestContextBeforeTestMethod -->
  <testcase name="sendNotificationRequest_should_send_string_request_to_given_URI" time="0.021" classname="com.fisglobal.xpress.emea.sms.mblox.messaging.connector.BaseMbloxConnectorTest"/>
  <testcase name="testSendNotificationRequestURINotificationRequestDetails" time="0.0" classname="com.fisglobal.xpress.emea.sms.mblox.messaging.connector.BaseMbloxConnectorTest"/>
  <testcase name="test1" time="0.022" classname="com.fisglobal.xpress.emea.sms.mblox.notifications.DefaultNotificationRequestTemplateTest"/>
  <testcase name="test2" time="0.001" classname="com.fisglobal.xpress.emea.sms.mblox.notifications.DefaultNotificationRequestTemplateTest"/>
  <testcase name="testSendNotificationRequestString3" time="0.0" classname="com.fisglobal.xpress.emea.sms.mblox.messaging.connector.http.MbloxHttpClientTest">
    <skipped/>
  </testcase> <!-- testSendNotificationRequestString3 -->
  <testcase name="sendNotification" time="0.001" classname="com.fisglobal.xpress.emea.sms.mblox.messaging.MbloxMessagingTest">
    <skipped/>
  </testcase> <!-- sendNotification -->
  <testcase name="asString_should_return_string_representation_of_request" time="0.023" classname="com.fisglobal.xpress.emea.sms.mblox.notifications.NotificationRequestBuilderTest">
    <failure type="java.lang.AssertionError" message="expected [abcdef] but found [abc&amp;lt;![CDATA[d]]&amp;gt;ef]">
      <![CDATA[java.lang.AssertionError: expected [abcdef] but found [abc<![CDATA[d]]]]><![CDATA[>ef]
	at com.fisglobal.xpress.emea.sms.mblox.notifications.NotificationRequestBuilderTest.asString_should_return_string_representation_of_request(NotificationRequestBuilderTest.java:50)
... Removed 39 stack frames]]>
    </failure>
  </testcase> <!-- asString_should_return_string_representation_of_request -->
  <testcase name="marshallToString_should_marshall_using_notification_request_details" time="0.017" classname="com.fisglobal.xpress.emea.sms.mblox.notifications.NotificationRequestMarshallerTest">
    <failure type="java.lang.IllegalArgumentException" message="profileId is blank">
      <![CDATA[java.lang.IllegalArgumentException: profileId is blank
	at com.fisglobal.xpress.emea.mblox.NotificationRequestBuilder.withProfileId(NotificationRequestBuilder.java:58)
	at com.fisglobal.xpress.emea.mblox.NotificationRequestMarshaller.marshallToString(NotificationRequestMarshaller.java:34)
	at com.fisglobal.xpress.emea.sms.mblox.notifications.NotificationRequestMarshallerTest.marshallToString_should_marshall_using_notification_request_details(NotificationRequestMarshallerTest.java:62)
... Removed 34 stack frames]]>
    </failure>
  </testcase> <!-- marshallToString_should_marshall_using_notification_request_details -->
  <testcase name="unmarshallString_should_unmarshall_default_ok_result" time="0.094" classname="com.fisglobal.xpress.emea.sms.mblox.notifications.NotificationRequestResultMarshallerTest"/>
  <testcase name="unmarshallString_should_unmarshall_formatting_error_result" time="0.009" classname="com.fisglobal.xpress.emea.sms.mblox.notifications.NotificationRequestResultMarshallerTest">
    <failure type="java.lang.NullPointerException">
      <![CDATA[java.lang.NullPointerException
	at com.fisglobal.xpress.emea.mblox.NotificationRequestResultDetails.equals(NotificationRequestResultDetails.java:117)
	at com.fisglobal.xpress.emea.sms.mblox.notifications.NotificationRequestResultMarshallerTest.unmarshallString_should_unmarshall_formatting_error_result(NotificationRequestResultMarshallerTest.java:119)
... Removed 36 stack frames]]>
    </failure>
  </testcase> <!-- unmarshallString_should_unmarshall_formatting_error_result -->
  <testcase name="unmarshallString_should_unmarshall_malformed_error_result" time="0.005" classname="com.fisglobal.xpress.emea.sms.mblox.notifications.NotificationRequestResultMarshallerTest">
    <failure type="java.lang.NullPointerException">
      <![CDATA[java.lang.NullPointerException
	at com.fisglobal.xpress.emea.mblox.NotificationRequestResultDetails.equals(NotificationRequestResultDetails.java:133)
	at com.fisglobal.xpress.emea.sms.mblox.notifications.NotificationRequestResultMarshallerTest.unmarshallString_should_unmarshall_malformed_error_result(NotificationRequestResultMarshallerTest.java:171)
... Removed 36 stack frames]]>
    </failure>
  </testcase> <!-- unmarshallString_should_unmarshall_malformed_error_result -->
  <testcase name="unmarshallString_should_unmarshall_retry" time="0.004" classname="com.fisglobal.xpress.emea.sms.mblox.notifications.NotificationRequestResultMarshallerTest">
    <failure type="java.lang.NullPointerException">
      <![CDATA[java.lang.NullPointerException
	at com.fisglobal.xpress.emea.mblox.NotificationRequestResultDetails.equals(NotificationRequestResultDetails.java:117)
	at com.fisglobal.xpress.emea.sms.mblox.notifications.NotificationRequestResultMarshallerTest.unmarshallString_should_unmarshall_retry(NotificationRequestResultMarshallerTest.java:198)
... Removed 36 stack frames]]>
    </failure>
  </testcase> <!-- unmarshallString_should_unmarshall_retry -->
  <testcase name="SMSPriorityValidatorTest" time="0.0" classname="com.fisglobal.xpress.emea.sms.NotificationServiceTest">
    <skipped/>
  </testcase> <!-- SMSPriorityValidatorTest -->
  <testcase name="SMSRecipientNumberValidatorTest" time="0.0" classname="com.fisglobal.xpress.emea.sms.NotificationServiceTest">
    <skipped/>
  </testcase> <!-- SMSRecipientNumberValidatorTest -->
  <testcase name="SMSSenderIDValidatorTest" time="0.0" classname="com.fisglobal.xpress.emea.sms.NotificationServiceTest">
    <skipped/>
  </testcase> <!-- SMSSenderIDValidatorTest -->
  <testcase name="SMSTextLengthValidatorTest" time="0.0" classname="com.fisglobal.xpress.emea.sms.NotificationServiceTest">
    <skipped/>
  </testcase> <!-- SMSTextLengthValidatorTest -->
  <testcase name="SMSTextValidatorTest" time="0.0" classname="com.fisglobal.xpress.emea.sms.NotificationServiceTest">
    <skipped/>
  </testcase> <!-- SMSTextValidatorTest -->
  <testcase name="ValidSMSValidatorTest" time="0.0" classname="com.fisglobal.xpress.emea.sms.NotificationServiceTest">
    <skipped/>
  </testcase> <!-- ValidSMSValidatorTest -->
  <testcase name="ValidateSMSBlackOutTimeDayOverLapTest" time="0.0" classname="com.fisglobal.xpress.emea.sms.NotificationServiceTest">
    <skipped/>
  </testcase> <!-- ValidateSMSBlackOutTimeDayOverLapTest -->
  <testcase name="ValidateSMSBlackOutTimeTest" time="0.0" classname="com.fisglobal.xpress.emea.sms.NotificationServiceTest">
    <skipped/>
  </testcase> <!-- ValidateSMSBlackOutTimeTest -->
  <testcase name="ValidateSMSGlobalBlackOutTimeTest" time="0.0" classname="com.fisglobal.xpress.emea.sms.NotificationServiceTest">
    <skipped/>
  </testcase> <!-- ValidateSMSGlobalBlackOutTimeTest -->
</testsuite> <!-- Command line test -->
